mode: atomic
github.com/ElioNeto/agnostikos/main.go:5.13,7.2 1 0
github.com/ElioNeto/agnostikos/internal/isolation/namespace.go:16.53,24.34 6 0
github.com/ElioNeto/agnostikos/internal/isolation/namespace.go:24.34,26.3 1 0
github.com/ElioNeto/agnostikos/internal/isolation/namespace.go:27.2,27.12 1 0
github.com/ElioNeto/agnostikos/cmd/agnostic/bootstrap.go:47.54,49.20 2 0
github.com/ElioNeto/agnostikos/cmd/agnostic/bootstrap.go:49.20,51.4 1 0
github.com/ElioNeto/agnostikos/cmd/agnostic/bootstrap.go:53.3,75.52 3 0
github.com/ElioNeto/agnostikos/cmd/agnostic/bootstrap.go:79.13,99.2 19 1
github.com/ElioNeto/agnostikos/cmd/agnostic/build.go:45.54,47.17 2 0
github.com/ElioNeto/agnostikos/cmd/agnostic/build.go:47.17,49.4 1 0
github.com/ElioNeto/agnostikos/cmd/agnostic/build.go:50.3,51.50 2 0
github.com/ElioNeto/agnostikos/cmd/agnostic/build.go:51.50,53.4 1 0
github.com/ElioNeto/agnostikos/cmd/agnostic/build.go:54.3,56.61 2 0
github.com/ElioNeto/agnostikos/cmd/agnostic/build.go:56.61,58.4 1 0
github.com/ElioNeto/agnostikos/cmd/agnostic/build.go:59.3,60.17 2 0
github.com/ElioNeto/agnostikos/cmd/agnostic/build.go:60.17,62.4 1 0
github.com/ElioNeto/agnostikos/cmd/agnostic/build.go:63.3,63.34 1 0
github.com/ElioNeto/agnostikos/cmd/agnostic/build.go:63.34,71.54 2 0
github.com/ElioNeto/agnostikos/cmd/agnostic/build.go:71.54,73.5 1 0
github.com/ElioNeto/agnostikos/cmd/agnostic/build.go:75.3,76.16 2 0
github.com/ElioNeto/agnostikos/cmd/agnostic/build.go:76.16,78.4 1 0
github.com/ElioNeto/agnostikos/cmd/agnostic/build.go:79.3,87.55 2 0
github.com/ElioNeto/agnostikos/cmd/agnostic/build.go:87.55,89.4 1 0
github.com/ElioNeto/agnostikos/cmd/agnostic/build.go:90.3,91.13 2 0
github.com/ElioNeto/agnostikos/cmd/agnostic/build.go:95.13,99.2 3 1
github.com/ElioNeto/agnostikos/cmd/agnostic/dotfiles.go:54.54,57.17 3 0
github.com/ElioNeto/agnostikos/cmd/agnostic/dotfiles.go:57.17,59.4 1 0
github.com/ElioNeto/agnostikos/cmd/agnostic/dotfiles.go:61.3,62.71 2 0
github.com/ElioNeto/agnostikos/cmd/agnostic/dotfiles.go:62.71,64.4 1 0
github.com/ElioNeto/agnostikos/cmd/agnostic/dotfiles.go:65.3,66.13 2 0
github.com/ElioNeto/agnostikos/cmd/agnostic/dotfiles.go:74.54,78.17 4 0
github.com/ElioNeto/agnostikos/cmd/agnostic/dotfiles.go:78.17,80.4 1 0
github.com/ElioNeto/agnostikos/cmd/agnostic/dotfiles.go:82.3,82.21 1 0
github.com/ElioNeto/agnostikos/cmd/agnostic/dotfiles.go:82.21,85.4 2 0
github.com/ElioNeto/agnostikos/cmd/agnostic/dotfiles.go:87.3,88.29 2 0
github.com/ElioNeto/agnostikos/cmd/agnostic/dotfiles.go:88.29,90.4 1 0
github.com/ElioNeto/agnostikos/cmd/agnostic/dotfiles.go:91.3,91.13 1 0
github.com/ElioNeto/agnostikos/cmd/agnostic/dotfiles.go:99.54,102.17 3 0
github.com/ElioNeto/agnostikos/cmd/agnostic/dotfiles.go:102.17,104.4 1 0
github.com/ElioNeto/agnostikos/cmd/agnostic/dotfiles.go:106.3,108.17 3 0
github.com/ElioNeto/agnostikos/cmd/agnostic/dotfiles.go:108.17,110.4 1 0
github.com/ElioNeto/agnostikos/cmd/agnostic/dotfiles.go:112.3,112.22 1 0
github.com/ElioNeto/agnostikos/cmd/agnostic/dotfiles.go:112.22,115.4 2 0
github.com/ElioNeto/agnostikos/cmd/agnostic/dotfiles.go:117.3,118.27 2 0
github.com/ElioNeto/agnostikos/cmd/agnostic/dotfiles.go:118.27,120.38 2 0
github.com/ElioNeto/agnostikos/cmd/agnostic/dotfiles.go:120.38,122.5 1 0
github.com/ElioNeto/agnostikos/cmd/agnostic/dotfiles.go:122.10,122.47 1 0
github.com/ElioNeto/agnostikos/cmd/agnostic/dotfiles.go:122.47,124.5 1 0
github.com/ElioNeto/agnostikos/cmd/agnostic/dotfiles.go:125.4,125.36 1 0
github.com/ElioNeto/agnostikos/cmd/agnostic/dotfiles.go:127.3,127.13 1 0
github.com/ElioNeto/agnostikos/cmd/agnostic/dotfiles.go:131.13,138.2 6 1
github.com/ElioNeto/agnostikos/cmd/agnostic/dotfiles.go:142.33,144.22 1 0
github.com/ElioNeto/agnostikos/cmd/agnostic/dotfiles.go:144.22,147.66 3 0
github.com/ElioNeto/agnostikos/cmd/agnostic/dotfiles.go:147.66,149.4 1 0
github.com/ElioNeto/agnostikos/cmd/agnostic/dotfiles.go:152.2,153.65 2 0
github.com/ElioNeto/agnostikos/cmd/agnostic/dotfiles.go:153.65,156.3 2 0
github.com/ElioNeto/agnostikos/cmd/agnostic/dotfiles.go:157.2,157.18 1 0
github.com/ElioNeto/agnostikos/cmd/agnostic/install.go:37.54,39.20 1 2
github.com/ElioNeto/agnostikos/cmd/agnostic/install.go:39.20,40.42 1 0
github.com/ElioNeto/agnostikos/cmd/agnostic/install.go:40.42,42.5 1 0
github.com/ElioNeto/agnostikos/cmd/agnostic/install.go:44.4,46.18 3 0
github.com/ElioNeto/agnostikos/cmd/agnostic/install.go:46.18,48.5 1 0
github.com/ElioNeto/agnostikos/cmd/agnostic/install.go:50.4,51.52 2 0
github.com/ElioNeto/agnostikos/cmd/agnostic/install.go:51.52,53.5 1 0
github.com/ElioNeto/agnostikos/cmd/agnostic/install.go:55.4,55.29 1 0
github.com/ElioNeto/agnostikos/cmd/agnostic/install.go:55.29,58.5 2 0
github.com/ElioNeto/agnostikos/cmd/agnostic/install.go:60.4,61.36 2 0
github.com/ElioNeto/agnostikos/cmd/agnostic/install.go:61.36,63.5 1 0
github.com/ElioNeto/agnostikos/cmd/agnostic/install.go:65.4,67.11 3 0
github.com/ElioNeto/agnostikos/cmd/agnostic/install.go:67.11,69.5 1 0
github.com/ElioNeto/agnostikos/cmd/agnostic/install.go:71.4,71.36 1 0
github.com/ElioNeto/agnostikos/cmd/agnostic/install.go:71.36,73.44 2 0
github.com/ElioNeto/agnostikos/cmd/agnostic/install.go:73.44,75.6 1 0
github.com/ElioNeto/agnostikos/cmd/agnostic/install.go:76.5,76.57 1 0
github.com/ElioNeto/agnostikos/cmd/agnostic/install.go:78.4,78.14 1 0
github.com/ElioNeto/agnostikos/cmd/agnostic/install.go:82.3,82.23 1 2
github.com/ElioNeto/agnostikos/cmd/agnostic/install.go:82.23,84.18 2 0
github.com/ElioNeto/agnostikos/cmd/agnostic/install.go:84.18,86.5 1 0
github.com/ElioNeto/agnostikos/cmd/agnostic/install.go:87.4,87.41 1 0
github.com/ElioNeto/agnostikos/cmd/agnostic/install.go:87.41,89.5 1 0
github.com/ElioNeto/agnostikos/cmd/agnostic/install.go:91.4,97.25 5 0
github.com/ElioNeto/agnostikos/cmd/agnostic/install.go:97.25,98.47 1 0
github.com/ElioNeto/agnostikos/cmd/agnostic/install.go:98.47,100.6 1 0
github.com/ElioNeto/agnostikos/cmd/agnostic/install.go:101.5,103.19 3 0
github.com/ElioNeto/agnostikos/cmd/agnostic/install.go:103.19,105.6 1 0
github.com/ElioNeto/agnostikos/cmd/agnostic/install.go:106.5,107.53 2 0
github.com/ElioNeto/agnostikos/cmd/agnostic/install.go:107.53,109.6 1 0
github.com/ElioNeto/agnostikos/cmd/agnostic/install.go:110.5,110.40 1 0
github.com/ElioNeto/agnostikos/cmd/agnostic/install.go:114.4,116.29 3 0
github.com/ElioNeto/agnostikos/cmd/agnostic/install.go:116.29,117.32 1 0
github.com/ElioNeto/agnostikos/cmd/agnostic/install.go:117.32,120.6 2 0
github.com/ElioNeto/agnostikos/cmd/agnostic/install.go:122.4,124.22 2 0
github.com/ElioNeto/agnostikos/cmd/agnostic/install.go:124.22,127.5 2 0
github.com/ElioNeto/agnostikos/cmd/agnostic/install.go:129.4,130.11 2 0
github.com/ElioNeto/agnostikos/cmd/agnostic/install.go:130.11,132.5 1 0
github.com/ElioNeto/agnostikos/cmd/agnostic/install.go:134.4,134.29 1 0
github.com/ElioNeto/agnostikos/cmd/agnostic/install.go:134.29,136.44 2 0
github.com/ElioNeto/agnostikos/cmd/agnostic/install.go:136.44,138.6 1 0
github.com/ElioNeto/agnostikos/cmd/agnostic/install.go:139.5,139.57 1 0
github.com/ElioNeto/agnostikos/cmd/agnostic/install.go:141.4,141.14 1 0
github.com/ElioNeto/agnostikos/cmd/agnostic/install.go:145.3,145.21 1 2
github.com/ElioNeto/agnostikos/cmd/agnostic/install.go:145.21,147.4 1 0
github.com/ElioNeto/agnostikos/cmd/agnostic/install.go:149.3,151.10 3 2
github.com/ElioNeto/agnostikos/cmd/agnostic/install.go:151.10,153.4 1 1
github.com/ElioNeto/agnostikos/cmd/agnostic/install.go:154.3,155.15 2 1
github.com/ElioNeto/agnostikos/cmd/agnostic/install.go:155.15,158.18 3 0
github.com/ElioNeto/agnostikos/cmd/agnostic/install.go:158.18,160.5 1 0
github.com/ElioNeto/agnostikos/cmd/agnostic/install.go:161.4,161.60 1 0
github.com/ElioNeto/agnostikos/cmd/agnostic/install.go:163.3,163.46 1 1
github.com/ElioNeto/agnostikos/cmd/agnostic/install.go:163.46,165.4 1 1
github.com/ElioNeto/agnostikos/cmd/agnostic/install.go:166.3,167.13 2 0
github.com/ElioNeto/agnostikos/cmd/agnostic/install.go:176.54,179.10 3 1
github.com/ElioNeto/agnostikos/cmd/agnostic/install.go:179.10,181.4 1 1
github.com/ElioNeto/agnostikos/cmd/agnostic/install.go:182.3,183.45 2 0
github.com/ElioNeto/agnostikos/cmd/agnostic/install.go:183.45,185.4 1 0
github.com/ElioNeto/agnostikos/cmd/agnostic/install.go:186.3,187.13 2 0
github.com/ElioNeto/agnostikos/cmd/agnostic/install.go:194.54,197.10 3 1
github.com/ElioNeto/agnostikos/cmd/agnostic/install.go:197.10,199.4 1 1
github.com/ElioNeto/agnostikos/cmd/agnostic/install.go:200.3,201.38 2 0
github.com/ElioNeto/agnostikos/cmd/agnostic/install.go:201.38,203.4 1 0
github.com/ElioNeto/agnostikos/cmd/agnostic/install.go:204.3,205.13 2 0
github.com/ElioNeto/agnostikos/cmd/agnostic/install.go:213.54,216.10 3 1
github.com/ElioNeto/agnostikos/cmd/agnostic/install.go:216.10,218.4 1 1
github.com/ElioNeto/agnostikos/cmd/agnostic/install.go:219.3,221.17 3 0
github.com/ElioNeto/agnostikos/cmd/agnostic/install.go:221.17,223.4 1 0
github.com/ElioNeto/agnostikos/cmd/agnostic/install.go:224.3,224.29 1 0
github.com/ElioNeto/agnostikos/cmd/agnostic/install.go:224.29,226.4 1 0
github.com/ElioNeto/agnostikos/cmd/agnostic/install.go:227.3,227.13 1 0
github.com/ElioNeto/agnostikos/cmd/agnostic/install.go:235.54,238.10 3 2
github.com/ElioNeto/agnostikos/cmd/agnostic/install.go:238.10,240.4 1 1
github.com/ElioNeto/agnostikos/cmd/agnostic/install.go:241.3,243.17 3 1
github.com/ElioNeto/agnostikos/cmd/agnostic/install.go:243.17,245.4 1 1
github.com/ElioNeto/agnostikos/cmd/agnostic/install.go:246.3,246.29 1 0
github.com/ElioNeto/agnostikos/cmd/agnostic/install.go:246.29,248.4 1 0
github.com/ElioNeto/agnostikos/cmd/agnostic/install.go:249.3,249.13 1 0
github.com/ElioNeto/agnostikos/cmd/agnostic/install.go:253.13,254.93 1 1
github.com/ElioNeto/agnostikos/cmd/agnostic/install.go:254.93,256.3 1 5
github.com/ElioNeto/agnostikos/cmd/agnostic/install.go:257.2,259.74 3 1
github.com/ElioNeto/agnostikos/cmd/agnostic/install.go:262.64,263.17 1 0
github.com/ElioNeto/agnostikos/cmd/agnostic/install.go:264.16,265.59 1 0
github.com/ElioNeto/agnostikos/cmd/agnostic/install.go:266.13,267.34 1 0
github.com/ElioNeto/agnostikos/cmd/agnostic/install.go:267.34,269.4 1 0
github.com/ElioNeto/agnostikos/cmd/agnostic/install.go:270.3,270.57 1 0
github.com/ElioNeto/agnostikos/cmd/agnostic/install.go:271.17,272.76 1 0
github.com/ElioNeto/agnostikos/cmd/agnostic/install.go:273.10,274.82 1 0
github.com/ElioNeto/agnostikos/cmd/agnostic/iso.go:37.54,38.22 1 0
github.com/ElioNeto/agnostikos/cmd/agnostic/iso.go:38.22,40.4 1 0
github.com/ElioNeto/agnostikos/cmd/agnostic/iso.go:41.3,41.22 1 0
github.com/ElioNeto/agnostikos/cmd/agnostic/iso.go:41.22,43.4 1 0
github.com/ElioNeto/agnostikos/cmd/agnostic/iso.go:44.3,44.20 1 0
github.com/ElioNeto/agnostikos/cmd/agnostic/iso.go:44.20,46.4 1 0
github.com/ElioNeto/agnostikos/cmd/agnostic/iso.go:47.3,47.23 1 0
github.com/ElioNeto/agnostikos/cmd/agnostic/iso.go:47.23,49.4 1 0
github.com/ElioNeto/agnostikos/cmd/agnostic/iso.go:51.3,65.52 3 0
github.com/ElioNeto/agnostikos/cmd/agnostic/iso.go:65.52,67.4 1 0
github.com/ElioNeto/agnostikos/cmd/agnostic/iso.go:69.3,70.13 2 0
github.com/ElioNeto/agnostikos/cmd/agnostic/iso.go:74.13,84.2 9 1
github.com/ElioNeto/agnostikos/cmd/agnostic/root.go:51.54,53.17 2 0
github.com/ElioNeto/agnostikos/cmd/agnostic/root.go:53.17,56.4 1 0
github.com/ElioNeto/agnostikos/cmd/agnostic/root.go:57.3,62.34 6 0
github.com/ElioNeto/agnostikos/cmd/agnostic/root.go:62.34,64.4 1 0
github.com/ElioNeto/agnostikos/cmd/agnostic/root.go:65.3,66.13 2 0
github.com/ElioNeto/agnostikos/cmd/agnostic/root.go:70.16,71.42 1 0
github.com/ElioNeto/agnostikos/cmd/agnostic/root.go:71.42,74.3 2 0
github.com/ElioNeto/agnostikos/cmd/agnostic/root.go:77.13,81.2 3 1
github.com/ElioNeto/agnostikos/cmd/agnostic/root.go:83.32,87.42 4 0
github.com/ElioNeto/agnostikos/cmd/agnostic/root.go:87.42,89.3 1 0
github.com/ElioNeto/agnostikos/cmd/agnostic/root.go:92.36,96.42 4 0
github.com/ElioNeto/agnostikos/cmd/agnostic/root.go:96.42,98.3 1 0
github.com/ElioNeto/agnostikos/cmd/agnostic/root.go:99.2,99.20 1 0
github.com/ElioNeto/agnostikos/cmd/agnostic/root.go:99.20,101.3 1 0
github.com/ElioNeto/agnostikos/cmd/agnostic/serve.go:30.54,38.16 6 0
github.com/ElioNeto/agnostikos/cmd/agnostic/serve.go:38.16,41.4 2 0
github.com/ElioNeto/agnostikos/cmd/agnostic/serve.go:43.3,43.26 1 0
github.com/ElioNeto/agnostikos/cmd/agnostic/serve.go:47.13,51.2 3 1
github.com/ElioNeto/agnostikos/cmd/agnostic/serve.go:54.30,55.22 1 0
github.com/ElioNeto/agnostikos/cmd/agnostic/serve.go:56.15,57.40 1 0
github.com/ElioNeto/agnostikos/cmd/agnostic/serve.go:58.16,59.36 1 0
github.com/ElioNeto/agnostikos/cmd/agnostic/serve.go:60.17,61.71 1 0
github.com/ElioNeto/agnostikos/cmd/agnostic/tui.go:26.54,31.36 4 0
github.com/ElioNeto/agnostikos/cmd/agnostic/tui.go:31.36,34.4 2 0
github.com/ElioNeto/agnostikos/cmd/agnostic/tui.go:35.3,35.13 1 0
github.com/ElioNeto/agnostikos/cmd/agnostic/tui.go:39.13,41.2 1 1
github.com/ElioNeto/agnostikos/internal/config/config.go:71.41,73.16 2 2
github.com/ElioNeto/agnostikos/internal/config/config.go:73.16,75.3 1 1
github.com/ElioNeto/agnostikos/internal/config/config.go:76.2,77.51 2 1
github.com/ElioNeto/agnostikos/internal/config/config.go:77.51,79.3 1 0
github.com/ElioNeto/agnostikos/internal/config/config.go:80.2,80.39 1 1
github.com/ElioNeto/agnostikos/internal/config/config.go:80.39,82.3 1 0
github.com/ElioNeto/agnostikos/internal/config/config.go:83.2,83.18 1 1
github.com/ElioNeto/agnostikos/internal/config/config.go:88.35,92.21 2 5
github.com/ElioNeto/agnostikos/internal/config/config.go:92.21,94.3 1 1
github.com/ElioNeto/agnostikos/internal/config/config.go:97.2,97.54 1 5
github.com/ElioNeto/agnostikos/internal/config/config.go:97.54,99.3 1 0
github.com/ElioNeto/agnostikos/internal/config/config.go:102.2,102.20 1 5
github.com/ElioNeto/agnostikos/internal/config/config.go:102.20,104.3 1 1
github.com/ElioNeto/agnostikos/internal/config/config.go:104.8,104.47 1 4
github.com/ElioNeto/agnostikos/internal/config/config.go:104.47,106.3 1 0
github.com/ElioNeto/agnostikos/internal/config/config.go:109.2,109.64 1 5
github.com/ElioNeto/agnostikos/internal/config/config.go:109.64,111.3 1 0
github.com/ElioNeto/agnostikos/internal/config/config.go:114.2,114.30 1 5
github.com/ElioNeto/agnostikos/internal/config/config.go:114.30,116.3 1 1
github.com/ElioNeto/agnostikos/internal/config/config.go:116.8,116.51 1 4
github.com/ElioNeto/agnostikos/internal/config/config.go:116.51,118.3 1 0
github.com/ElioNeto/agnostikos/internal/config/config.go:121.2,121.74 1 5
github.com/ElioNeto/agnostikos/internal/config/config.go:121.74,123.3 1 0
github.com/ElioNeto/agnostikos/internal/config/config.go:126.2,126.38 1 5
github.com/ElioNeto/agnostikos/internal/config/config.go:126.38,127.35 1 3
github.com/ElioNeto/agnostikos/internal/config/config.go:127.35,129.4 1 0
github.com/ElioNeto/agnostikos/internal/config/config.go:131.2,131.39 1 5
github.com/ElioNeto/agnostikos/internal/config/config.go:131.39,132.35 1 3
github.com/ElioNeto/agnostikos/internal/config/config.go:132.35,134.4 1 0
github.com/ElioNeto/agnostikos/internal/config/config.go:136.2,136.37 1 5
github.com/ElioNeto/agnostikos/internal/config/config.go:136.37,137.35 1 0
github.com/ElioNeto/agnostikos/internal/config/config.go:137.35,139.4 1 0
github.com/ElioNeto/agnostikos/internal/config/config.go:141.2,141.41 1 5
github.com/ElioNeto/agnostikos/internal/config/config.go:141.41,142.35 1 0
github.com/ElioNeto/agnostikos/internal/config/config.go:142.35,144.4 1 0
github.com/ElioNeto/agnostikos/internal/config/config.go:148.2,148.65 1 5
github.com/ElioNeto/agnostikos/internal/config/config.go:148.65,150.3 1 0
github.com/ElioNeto/agnostikos/internal/config/config.go:151.2,151.34 1 5
github.com/ElioNeto/agnostikos/internal/config/config.go:151.34,152.33 1 0
github.com/ElioNeto/agnostikos/internal/config/config.go:152.33,154.4 1 0
github.com/ElioNeto/agnostikos/internal/config/config.go:158.2,158.50 1 5
github.com/ElioNeto/agnostikos/internal/config/config.go:158.50,162.47 1 0
github.com/ElioNeto/agnostikos/internal/config/config.go:162.47,164.4 1 0
github.com/ElioNeto/agnostikos/internal/config/config.go:167.2,167.19 1 5
github.com/ElioNeto/agnostikos/internal/config/config.go:167.19,169.3 1 3
github.com/ElioNeto/agnostikos/internal/config/config.go:170.2,170.12 1 2
github.com/ElioNeto/agnostikos/internal/manager/executor.go:17.101,19.2 1 0
github.com/ElioNeto/agnostikos/internal/manager/flatpak.go:16.42,18.2 1 3
github.com/ElioNeto/agnostikos/internal/manager/flatpak.go:20.56,21.38 1 3
github.com/ElioNeto/agnostikos/internal/manager/flatpak.go:21.38,23.3 1 1
github.com/ElioNeto/agnostikos/internal/manager/flatpak.go:24.2,27.16 4 2
github.com/ElioNeto/agnostikos/internal/manager/flatpak.go:27.16,29.3 1 1
github.com/ElioNeto/agnostikos/internal/manager/flatpak.go:30.2,30.12 1 1
github.com/ElioNeto/agnostikos/internal/manager/flatpak.go:33.55,34.38 1 3
github.com/ElioNeto/agnostikos/internal/manager/flatpak.go:34.38,36.3 1 1
github.com/ElioNeto/agnostikos/internal/manager/flatpak.go:37.2,40.16 4 2
github.com/ElioNeto/agnostikos/internal/manager/flatpak.go:40.16,42.3 1 1
github.com/ElioNeto/agnostikos/internal/manager/flatpak.go:43.2,43.12 1 1
github.com/ElioNeto/agnostikos/internal/manager/flatpak.go:46.41,50.16 4 2
github.com/ElioNeto/agnostikos/internal/manager/flatpak.go:50.16,52.3 1 1
github.com/ElioNeto/agnostikos/internal/manager/flatpak.go:53.2,53.12 1 1
github.com/ElioNeto/agnostikos/internal/manager/flatpak.go:56.51,60.16 4 2
github.com/ElioNeto/agnostikos/internal/manager/flatpak.go:60.16,62.3 1 1
github.com/ElioNeto/agnostikos/internal/manager/flatpak.go:63.2,64.56 2 1
github.com/ElioNeto/agnostikos/internal/manager/flatpak.go:64.56,66.27 2 3
github.com/ElioNeto/agnostikos/internal/manager/flatpak.go:66.27,67.12 1 1
github.com/ElioNeto/agnostikos/internal/manager/flatpak.go:69.3,69.34 1 2
github.com/ElioNeto/agnostikos/internal/manager/flatpak.go:71.2,71.21 1 1
github.com/ElioNeto/agnostikos/internal/manager/flatpak.go:74.65,75.36 1 3
github.com/ElioNeto/agnostikos/internal/manager/flatpak.go:75.36,77.3 1 1
github.com/ElioNeto/agnostikos/internal/manager/flatpak.go:78.2,81.33 4 2
github.com/ElioNeto/agnostikos/internal/manager/flatpak.go:81.33,83.3 1 1
github.com/ElioNeto/agnostikos/internal/manager/flatpak.go:84.2,85.56 2 1
github.com/ElioNeto/agnostikos/internal/manager/flatpak.go:85.56,88.27 2 3
github.com/ElioNeto/agnostikos/internal/manager/flatpak.go:88.27,89.12 1 1
github.com/ElioNeto/agnostikos/internal/manager/flatpak.go:91.3,91.34 1 2
github.com/ElioNeto/agnostikos/internal/manager/flatpak.go:93.2,93.21 1 1
github.com/ElioNeto/agnostikos/internal/manager/manager.go:18.44,26.2 1 3
github.com/ElioNeto/agnostikos/internal/manager/manager.go:29.74,31.2 1 1
github.com/ElioNeto/agnostikos/internal/manager/manager.go:34.51,36.28 2 1
github.com/ElioNeto/agnostikos/internal/manager/manager.go:36.28,38.3 1 3
github.com/ElioNeto/agnostikos/internal/manager/manager.go:39.2,39.13 1 1
github.com/ElioNeto/agnostikos/internal/manager/nix.go:16.34,18.2 1 3
github.com/ElioNeto/agnostikos/internal/manager/nix.go:20.52,21.38 1 4
github.com/ElioNeto/agnostikos/internal/manager/nix.go:21.38,23.3 1 1
github.com/ElioNeto/agnostikos/internal/manager/nix.go:24.2,27.37 4 3
github.com/ElioNeto/agnostikos/internal/manager/nix.go:27.37,29.3 1 2
github.com/ElioNeto/agnostikos/internal/manager/nix.go:30.2,31.16 2 3
github.com/ElioNeto/agnostikos/internal/manager/nix.go:31.16,33.3 1 1
github.com/ElioNeto/agnostikos/internal/manager/nix.go:34.2,34.12 1 2
github.com/ElioNeto/agnostikos/internal/manager/nix.go:37.51,38.38 1 3
github.com/ElioNeto/agnostikos/internal/manager/nix.go:38.38,40.3 1 1
github.com/ElioNeto/agnostikos/internal/manager/nix.go:41.2,44.16 4 2
github.com/ElioNeto/agnostikos/internal/manager/nix.go:44.16,46.3 1 1
github.com/ElioNeto/agnostikos/internal/manager/nix.go:47.2,47.12 1 1
github.com/ElioNeto/agnostikos/internal/manager/nix.go:50.37,54.16 4 2
github.com/ElioNeto/agnostikos/internal/manager/nix.go:54.16,56.3 1 1
github.com/ElioNeto/agnostikos/internal/manager/nix.go:57.2,57.12 1 1
github.com/ElioNeto/agnostikos/internal/manager/nix.go:60.47,64.16 4 2
github.com/ElioNeto/agnostikos/internal/manager/nix.go:64.16,66.3 1 1
github.com/ElioNeto/agnostikos/internal/manager/nix.go:68.2,69.56 2 1
github.com/ElioNeto/agnostikos/internal/manager/nix.go:69.56,71.17 2 7
github.com/ElioNeto/agnostikos/internal/manager/nix.go:71.17,73.4 1 7
github.com/ElioNeto/agnostikos/internal/manager/nix.go:75.2,75.21 1 1
github.com/ElioNeto/agnostikos/internal/manager/nix.go:78.61,79.36 1 3
github.com/ElioNeto/agnostikos/internal/manager/nix.go:79.36,81.3 1 1
github.com/ElioNeto/agnostikos/internal/manager/nix.go:82.2,85.33 4 2
github.com/ElioNeto/agnostikos/internal/manager/nix.go:85.33,87.3 1 1
github.com/ElioNeto/agnostikos/internal/manager/nix.go:88.2,89.56 2 1
github.com/ElioNeto/agnostikos/internal/manager/nix.go:89.56,91.36 2 2
github.com/ElioNeto/agnostikos/internal/manager/nix.go:91.36,93.4 1 1
github.com/ElioNeto/agnostikos/internal/manager/nix.go:95.2,95.21 1 1
github.com/ElioNeto/agnostikos/internal/manager/pacman.go:16.40,18.2 1 3
github.com/ElioNeto/agnostikos/internal/manager/pacman.go:20.55,21.38 1 3
github.com/ElioNeto/agnostikos/internal/manager/pacman.go:21.38,23.3 1 1
github.com/ElioNeto/agnostikos/internal/manager/pacman.go:24.2,27.16 4 2
github.com/ElioNeto/agnostikos/internal/manager/pacman.go:27.16,29.3 1 1
github.com/ElioNeto/agnostikos/internal/manager/pacman.go:30.2,30.12 1 1
github.com/ElioNeto/agnostikos/internal/manager/pacman.go:33.54,34.38 1 3
github.com/ElioNeto/agnostikos/internal/manager/pacman.go:34.38,36.3 1 1
github.com/ElioNeto/agnostikos/internal/manager/pacman.go:37.2,40.16 4 2
github.com/ElioNeto/agnostikos/internal/manager/pacman.go:40.16,42.3 1 1
github.com/ElioNeto/agnostikos/internal/manager/pacman.go:43.2,43.12 1 1
github.com/ElioNeto/agnostikos/internal/manager/pacman.go:46.40,50.16 4 2
github.com/ElioNeto/agnostikos/internal/manager/pacman.go:50.16,52.3 1 1
github.com/ElioNeto/agnostikos/internal/manager/pacman.go:53.2,53.12 1 1
github.com/ElioNeto/agnostikos/internal/manager/pacman.go:56.50,60.16 4 2
github.com/ElioNeto/agnostikos/internal/manager/pacman.go:60.16,62.3 1 1
github.com/ElioNeto/agnostikos/internal/manager/pacman.go:63.2,64.56 2 1
github.com/ElioNeto/agnostikos/internal/manager/pacman.go:64.56,66.17 2 3
github.com/ElioNeto/agnostikos/internal/manager/pacman.go:66.17,68.4 1 3
github.com/ElioNeto/agnostikos/internal/manager/pacman.go:70.2,70.21 1 1
github.com/ElioNeto/agnostikos/internal/manager/pacman.go:73.64,74.36 1 3
github.com/ElioNeto/agnostikos/internal/manager/pacman.go:74.36,76.3 1 1
github.com/ElioNeto/agnostikos/internal/manager/pacman.go:77.2,80.33 4 2
github.com/ElioNeto/agnostikos/internal/manager/pacman.go:80.33,82.3 1 1
github.com/ElioNeto/agnostikos/internal/manager/pacman.go:83.2,84.56 2 1
github.com/ElioNeto/agnostikos/internal/manager/pacman.go:84.56,85.84 1 4
github.com/ElioNeto/agnostikos/internal/manager/pacman.go:85.84,87.4 1 2
github.com/ElioNeto/agnostikos/internal/manager/pacman.go:89.2,89.21 1 1
github.com/ElioNeto/agnostikos/internal/iso/builder.go:24.101,26.2 1 0
github.com/ElioNeto/agnostikos/internal/iso/builder.go:36.63,42.2 1 1
github.com/ElioNeto/agnostikos/internal/iso/builder.go:45.51,47.29 2 6
github.com/ElioNeto/agnostikos/internal/iso/builder.go:47.29,48.51 1 10
github.com/ElioNeto/agnostikos/internal/iso/builder.go:48.51,50.4 1 4
github.com/ElioNeto/agnostikos/internal/iso/builder.go:52.2,52.128 1 2
github.com/ElioNeto/agnostikos/internal/iso/builder.go:56.35,59.2 2 8
github.com/ElioNeto/agnostikos/internal/iso/builder.go:62.50,64.16 2 4
github.com/ElioNeto/agnostikos/internal/iso/builder.go:64.16,66.3 1 1
github.com/ElioNeto/agnostikos/internal/iso/builder.go:67.2,67.15 1 3
github.com/ElioNeto/agnostikos/internal/iso/builder.go:67.15,70.3 1 3
github.com/ElioNeto/agnostikos/internal/iso/builder.go:72.2,73.41 2 3
github.com/ElioNeto/agnostikos/internal/iso/builder.go:73.41,75.3 1 0
github.com/ElioNeto/agnostikos/internal/iso/builder.go:76.2,76.44 1 3
github.com/ElioNeto/agnostikos/internal/iso/builder.go:80.86,81.22 1 6
github.com/ElioNeto/agnostikos/internal/iso/builder.go:81.22,83.3 1 1
github.com/ElioNeto/agnostikos/internal/iso/builder.go:84.2,84.22 1 6
github.com/ElioNeto/agnostikos/internal/iso/builder.go:84.22,86.3 1 1
github.com/ElioNeto/agnostikos/internal/iso/builder.go:88.2,88.22 1 6
github.com/ElioNeto/agnostikos/internal/iso/builder.go:88.22,90.3 1 1
github.com/ElioNeto/agnostikos/internal/iso/builder.go:91.2,91.22 1 5
github.com/ElioNeto/agnostikos/internal/iso/builder.go:91.22,93.3 1 1
github.com/ElioNeto/agnostikos/internal/iso/builder.go:95.2,96.16 2 4
github.com/ElioNeto/agnostikos/internal/iso/builder.go:96.16,98.3 1 1
github.com/ElioNeto/agnostikos/internal/iso/builder.go:100.2,109.29 4 3
github.com/ElioNeto/agnostikos/internal/iso/builder.go:109.29,117.3 1 3
github.com/ElioNeto/agnostikos/internal/iso/builder.go:120.2,121.24 2 3
github.com/ElioNeto/agnostikos/internal/iso/builder.go:121.24,128.3 2 1
github.com/ElioNeto/agnostikos/internal/iso/builder.go:130.2,133.16 3 3
github.com/ElioNeto/agnostikos/internal/iso/builder.go:133.16,135.3 1 1
github.com/ElioNeto/agnostikos/internal/iso/builder.go:136.2,140.16 3 2
github.com/ElioNeto/agnostikos/internal/iso/builder.go:140.16,142.3 1 0
github.com/ElioNeto/agnostikos/internal/iso/builder.go:145.2,147.76 3 2
github.com/ElioNeto/agnostikos/internal/iso/builder.go:147.76,149.3 1 0
github.com/ElioNeto/agnostikos/internal/iso/builder.go:151.2,152.12 2 2
github.com/ElioNeto/agnostikos/internal/dotfiles/manager.go:45.32,47.2 1 8
github.com/ElioNeto/agnostikos/internal/dotfiles/manager.go:52.71,54.18 1 6
github.com/ElioNeto/agnostikos/internal/dotfiles/manager.go:54.18,56.17 2 1
github.com/ElioNeto/agnostikos/internal/dotfiles/manager.go:56.17,58.4 1 0
github.com/ElioNeto/agnostikos/internal/dotfiles/manager.go:59.3,59.22 1 1
github.com/ElioNeto/agnostikos/internal/dotfiles/manager.go:62.2,62.40 1 6
github.com/ElioNeto/agnostikos/internal/dotfiles/manager.go:62.40,67.49 3 66
github.com/ElioNeto/agnostikos/internal/dotfiles/manager.go:67.49,69.12 2 21
github.com/ElioNeto/agnostikos/internal/dotfiles/manager.go:70.9,70.24 1 45
github.com/ElioNeto/agnostikos/internal/dotfiles/manager.go:70.24,72.4 1 0
github.com/ElioNeto/agnostikos/internal/dotfiles/manager.go:75.3,76.51 2 45
github.com/ElioNeto/agnostikos/internal/dotfiles/manager.go:76.51,78.4 1 0
github.com/ElioNeto/agnostikos/internal/dotfiles/manager.go:81.3,81.42 1 45
github.com/ElioNeto/agnostikos/internal/dotfiles/manager.go:81.42,83.13 1 2
github.com/ElioNeto/agnostikos/internal/dotfiles/manager.go:83.13,85.45 1 1
github.com/ElioNeto/agnostikos/internal/dotfiles/manager.go:85.45,87.6 1 0
github.com/ElioNeto/agnostikos/internal/dotfiles/manager.go:88.5,88.64 1 1
github.com/ElioNeto/agnostikos/internal/dotfiles/manager.go:89.10,92.50 2 1
github.com/ElioNeto/agnostikos/internal/dotfiles/manager.go:92.50,94.6 1 0
github.com/ElioNeto/agnostikos/internal/dotfiles/manager.go:95.5,95.63 1 1
github.com/ElioNeto/agnostikos/internal/dotfiles/manager.go:100.3,101.17 2 45
github.com/ElioNeto/agnostikos/internal/dotfiles/manager.go:101.17,103.4 1 0
github.com/ElioNeto/agnostikos/internal/dotfiles/manager.go:104.3,104.50 1 45
github.com/ElioNeto/agnostikos/internal/dotfiles/manager.go:104.50,106.4 1 0
github.com/ElioNeto/agnostikos/internal/dotfiles/manager.go:107.3,107.59 1 45
github.com/ElioNeto/agnostikos/internal/dotfiles/manager.go:109.2,109.12 1 6
github.com/ElioNeto/agnostikos/internal/dotfiles/manager.go:114.61,117.40 2 1
github.com/ElioNeto/agnostikos/internal/dotfiles/manager.go:117.40,119.41 2 11
github.com/ElioNeto/agnostikos/internal/dotfiles/manager.go:119.41,121.4 1 11
github.com/ElioNeto/agnostikos/internal/dotfiles/manager.go:124.2,125.23 2 1
github.com/ElioNeto/agnostikos/internal/dotfiles/manager.go:131.70,134.40 2 3
github.com/ElioNeto/agnostikos/internal/dotfiles/manager.go:134.40,140.25 4 33
github.com/ElioNeto/agnostikos/internal/dotfiles/manager.go:140.25,142.12 2 0
github.com/ElioNeto/agnostikos/internal/dotfiles/manager.go:143.9,143.24 1 33
github.com/ElioNeto/agnostikos/internal/dotfiles/manager.go:143.24,145.4 1 0
github.com/ElioNeto/agnostikos/internal/dotfiles/manager.go:148.3,149.25 2 33
github.com/ElioNeto/agnostikos/internal/dotfiles/manager.go:149.25,151.12 2 11
github.com/ElioNeto/agnostikos/internal/dotfiles/manager.go:152.9,152.24 1 22
github.com/ElioNeto/agnostikos/internal/dotfiles/manager.go:152.24,154.4 1 0
github.com/ElioNeto/agnostikos/internal/dotfiles/manager.go:157.3,157.86 1 22
github.com/ElioNeto/agnostikos/internal/dotfiles/manager.go:157.86,159.12 2 1
github.com/ElioNeto/agnostikos/internal/dotfiles/manager.go:162.3,162.85 1 21
github.com/ElioNeto/agnostikos/internal/dotfiles/manager.go:165.2,165.19 1 3
github.com/ElioNeto/agnostikos/internal/dotfiles/manager.go:170.65,171.18 1 1
github.com/ElioNeto/agnostikos/internal/dotfiles/manager.go:171.18,173.3 1 0
github.com/ElioNeto/agnostikos/internal/dotfiles/manager.go:176.2,177.41 2 1
github.com/ElioNeto/agnostikos/internal/dotfiles/manager.go:177.41,179.3 1 0
github.com/ElioNeto/agnostikos/internal/dotfiles/manager.go:180.2,183.45 2 1
github.com/ElioNeto/agnostikos/internal/dotfiles/manager.go:183.45,184.48 1 0
github.com/ElioNeto/agnostikos/internal/dotfiles/manager.go:184.48,186.4 1 0
github.com/ElioNeto/agnostikos/internal/dotfiles/manager.go:189.2,191.16 3 1
github.com/ElioNeto/agnostikos/internal/dotfiles/manager.go:191.16,193.3 1 0
github.com/ElioNeto/agnostikos/internal/dotfiles/manager.go:195.2,196.22 2 1
github.com/ElioNeto/agnostikos/internal/tui/model.go:90.55,111.2 10 31
github.com/ElioNeto/agnostikos/internal/tui/model.go:114.31,116.2 1 0
github.com/ElioNeto/agnostikos/internal/tui/model.go:119.57,120.27 1 60
github.com/ElioNeto/agnostikos/internal/tui/model.go:121.25,124.16 3 1
github.com/ElioNeto/agnostikos/internal/tui/model.go:126.18,128.31 1 45
github.com/ElioNeto/agnostikos/internal/tui/model.go:128.31,130.4 1 1
github.com/ElioNeto/agnostikos/internal/tui/model.go:131.3,131.55 1 44
github.com/ElioNeto/agnostikos/internal/tui/model.go:131.55,133.4 1 1
github.com/ElioNeto/agnostikos/internal/tui/model.go:135.3,135.22 1 43
github.com/ElioNeto/agnostikos/internal/tui/model.go:136.24,137.38 1 21
github.com/ElioNeto/agnostikos/internal/tui/model.go:138.19,139.37 1 15
github.com/ElioNeto/agnostikos/internal/tui/model.go:140.26,141.40 1 7
github.com/ElioNeto/agnostikos/internal/tui/model.go:144.24,146.21 2 10
github.com/ElioNeto/agnostikos/internal/tui/model.go:146.21,149.4 2 2
github.com/ElioNeto/agnostikos/internal/tui/model.go:149.9,153.4 3 8
github.com/ElioNeto/agnostikos/internal/tui/model.go:154.3,154.16 1 10
github.com/ElioNeto/agnostikos/internal/tui/model.go:156.26,158.21 2 4
github.com/ElioNeto/agnostikos/internal/tui/model.go:158.21,162.4 2 2
github.com/ElioNeto/agnostikos/internal/tui/model.go:162.9,166.4 2 2
github.com/ElioNeto/agnostikos/internal/tui/model.go:167.3,167.16 1 4
github.com/ElioNeto/agnostikos/internal/tui/model.go:169.23,170.16 1 0
github.com/ElioNeto/agnostikos/internal/tui/model.go:170.16,174.4 3 0
github.com/ElioNeto/agnostikos/internal/tui/model.go:175.3,175.16 1 0
github.com/ElioNeto/agnostikos/internal/tui/model.go:178.2,178.15 1 0
github.com/ElioNeto/agnostikos/internal/tui/model.go:182.74,183.22 1 21
github.com/ElioNeto/agnostikos/internal/tui/model.go:184.17,185.19 1 3
github.com/ElioNeto/agnostikos/internal/tui/model.go:185.19,187.4 1 2
github.com/ElioNeto/agnostikos/internal/tui/model.go:188.19,189.35 1 3
github.com/ElioNeto/agnostikos/internal/tui/model.go:189.35,191.4 1 2
github.com/ElioNeto/agnostikos/internal/tui/model.go:192.15,199.28 7 14
github.com/ElioNeto/agnostikos/internal/tui/model.go:201.2,201.15 1 7
github.com/ElioNeto/agnostikos/internal/tui/model.go:205.73,207.22 1 15
github.com/ElioNeto/agnostikos/internal/tui/model.go:208.17,209.53 1 4
github.com/ElioNeto/agnostikos/internal/tui/model.go:209.53,212.4 2 2
github.com/ElioNeto/agnostikos/internal/tui/model.go:213.19,214.74 1 5
github.com/ElioNeto/agnostikos/internal/tui/model.go:214.74,217.4 2 3
github.com/ElioNeto/agnostikos/internal/tui/model.go:218.15,220.31 2 3
github.com/ElioNeto/agnostikos/internal/tui/model.go:220.31,227.4 5 3
github.com/ElioNeto/agnostikos/internal/tui/model.go:228.3,228.18 1 0
github.com/ElioNeto/agnostikos/internal/tui/model.go:228.18,234.4 4 0
github.com/ElioNeto/agnostikos/internal/tui/model.go:235.13,238.16 2 2
github.com/ElioNeto/agnostikos/internal/tui/model.go:242.2,244.15 3 5
github.com/ElioNeto/agnostikos/internal/tui/model.go:248.76,249.22 1 7
github.com/ElioNeto/agnostikos/internal/tui/model.go:250.11,251.17 1 3
github.com/ElioNeto/agnostikos/internal/tui/model.go:251.17,256.4 4 2
github.com/ElioNeto/agnostikos/internal/tui/model.go:257.11,258.17 1 2
github.com/ElioNeto/agnostikos/internal/tui/model.go:258.17,263.4 4 2
github.com/ElioNeto/agnostikos/internal/tui/model.go:264.13,267.16 2 2
github.com/ElioNeto/agnostikos/internal/tui/model.go:269.2,269.15 1 1
github.com/ElioNeto/agnostikos/internal/tui/model.go:273.48,274.24 1 0
github.com/ElioNeto/agnostikos/internal/tui/model.go:274.24,279.3 4 0
github.com/ElioNeto/agnostikos/internal/tui/model.go:283.47,284.24 1 2
github.com/ElioNeto/agnostikos/internal/tui/model.go:284.24,289.3 4 0
github.com/ElioNeto/agnostikos/internal/tui/model.go:293.46,294.24 1 2
github.com/ElioNeto/agnostikos/internal/tui/model.go:294.24,299.3 4 0
github.com/ElioNeto/agnostikos/internal/tui/model.go:303.30,304.21 1 6
github.com/ElioNeto/agnostikos/internal/tui/model.go:305.23,306.29 1 1
github.com/ElioNeto/agnostikos/internal/tui/model.go:307.18,308.24 1 2
github.com/ElioNeto/agnostikos/internal/tui/model.go:309.25,310.31 1 3
github.com/ElioNeto/agnostikos/internal/tui/model.go:311.10,312.30 1 0
github.com/ElioNeto/agnostikos/internal/tui/model.go:317.41,323.37 5 1
github.com/ElioNeto/agnostikos/internal/tui/model.go:323.37,326.20 3 3
github.com/ElioNeto/agnostikos/internal/tui/model.go:326.20,328.4 1 1
github.com/ElioNeto/agnostikos/internal/tui/model.go:329.3,330.22 2 3
github.com/ElioNeto/agnostikos/internal/tui/model.go:333.2,336.19 3 1
github.com/ElioNeto/agnostikos/internal/tui/model.go:340.36,348.9 7 2
github.com/ElioNeto/agnostikos/internal/tui/model.go:349.17,350.61 1 0
github.com/ElioNeto/agnostikos/internal/tui/model.go:351.26,352.78 1 1
github.com/ElioNeto/agnostikos/internal/tui/model.go:353.32,355.42 2 0
github.com/ElioNeto/agnostikos/internal/tui/model.go:355.42,357.27 2 0
github.com/ElioNeto/agnostikos/internal/tui/model.go:357.27,359.5 1 0
github.com/ElioNeto/agnostikos/internal/tui/model.go:360.4,361.23 2 0
github.com/ElioNeto/agnostikos/internal/tui/model.go:363.35,364.48 1 0
github.com/ElioNeto/agnostikos/internal/tui/model.go:367.2,370.19 3 2
github.com/ElioNeto/agnostikos/internal/tui/model.go:374.43,383.9 8 3
github.com/ElioNeto/agnostikos/internal/tui/model.go:384.17,385.59 1 1
github.com/ElioNeto/agnostikos/internal/tui/model.go:386.26,387.57 1 1
github.com/ElioNeto/agnostikos/internal/tui/model.go:388.25,389.59 1 0
github.com/ElioNeto/agnostikos/internal/tui/model.go:392.2,395.19 3 3
github.com/ElioNeto/agnostikos/internal/bootstrap/busybox.go:23.65,24.23 1 3
github.com/ElioNeto/agnostikos/internal/bootstrap/busybox.go:24.23,26.3 1 1
github.com/ElioNeto/agnostikos/internal/bootstrap/busybox.go:27.2,27.25 1 2
github.com/ElioNeto/agnostikos/internal/bootstrap/busybox.go:27.25,29.3 1 1
github.com/ElioNeto/agnostikos/internal/bootstrap/busybox.go:31.2,32.50 2 1
github.com/ElioNeto/agnostikos/internal/bootstrap/busybox.go:32.50,34.3 1 0
github.com/ElioNeto/agnostikos/internal/bootstrap/busybox.go:36.2,42.56 5 1
github.com/ElioNeto/agnostikos/internal/bootstrap/busybox.go:42.56,46.37 4 1
github.com/ElioNeto/agnostikos/internal/bootstrap/busybox.go:46.37,48.4 1 1
github.com/ElioNeto/agnostikos/internal/bootstrap/busybox.go:52.2,52.55 1 0
github.com/ElioNeto/agnostikos/internal/bootstrap/busybox.go:52.55,56.38 4 0
github.com/ElioNeto/agnostikos/internal/bootstrap/busybox.go:56.38,58.4 1 0
github.com/ElioNeto/agnostikos/internal/bootstrap/busybox.go:62.2,65.37 4 0
github.com/ElioNeto/agnostikos/internal/bootstrap/busybox.go:65.37,67.3 1 0
github.com/ElioNeto/agnostikos/internal/bootstrap/busybox.go:74.2,91.39 5 0
github.com/ElioNeto/agnostikos/internal/bootstrap/busybox.go:91.39,93.3 1 0
github.com/ElioNeto/agnostikos/internal/bootstrap/busybox.go:96.2,96.118 1 0
github.com/ElioNeto/agnostikos/internal/bootstrap/busybox.go:96.118,99.59 2 0
github.com/ElioNeto/agnostikos/internal/bootstrap/busybox.go:99.59,104.42 4 0
github.com/ElioNeto/agnostikos/internal/bootstrap/busybox.go:104.42,106.5 1 0
github.com/ElioNeto/agnostikos/internal/bootstrap/busybox.go:111.2,112.19 2 0
github.com/ElioNeto/agnostikos/internal/bootstrap/busybox.go:112.19,114.3 1 0
github.com/ElioNeto/agnostikos/internal/bootstrap/busybox.go:115.2,119.38 5 0
github.com/ElioNeto/agnostikos/internal/bootstrap/busybox.go:119.38,121.3 1 0
github.com/ElioNeto/agnostikos/internal/bootstrap/busybox.go:124.2,129.41 5 0
github.com/ElioNeto/agnostikos/internal/bootstrap/busybox.go:129.41,131.3 1 0
github.com/ElioNeto/agnostikos/internal/bootstrap/busybox.go:133.2,134.12 2 0
github.com/ElioNeto/agnostikos/internal/bootstrap/grub.go:25.52,27.16 2 0
github.com/ElioNeto/agnostikos/internal/bootstrap/grub.go:27.16,29.3 1 0
github.com/ElioNeto/agnostikos/internal/bootstrap/grub.go:30.2,30.15 1 0
github.com/ElioNeto/agnostikos/internal/bootstrap/grub.go:30.15,30.32 1 0
github.com/ElioNeto/agnostikos/internal/bootstrap/grub.go:32.2,33.21 2 0
github.com/ElioNeto/agnostikos/internal/bootstrap/grub.go:33.21,35.46 2 0
github.com/ElioNeto/agnostikos/internal/bootstrap/grub.go:35.46,37.4 1 0
github.com/ElioNeto/agnostikos/internal/bootstrap/grub.go:39.2,39.26 1 0
github.com/ElioNeto/agnostikos/internal/bootstrap/grub.go:45.78,47.16 2 0
github.com/ElioNeto/agnostikos/internal/bootstrap/grub.go:47.16,49.3 1 0
github.com/ElioNeto/agnostikos/internal/bootstrap/grub.go:52.2,52.29 1 0
github.com/ElioNeto/agnostikos/internal/bootstrap/grub.go:52.29,55.3 2 0
github.com/ElioNeto/agnostikos/internal/bootstrap/grub.go:58.2,58.20 1 0
github.com/ElioNeto/agnostikos/internal/bootstrap/grub.go:58.20,60.114 2 0
github.com/ElioNeto/agnostikos/internal/bootstrap/grub.go:60.114,62.4 1 0
github.com/ElioNeto/agnostikos/internal/bootstrap/grub.go:63.3,63.19 1 0
github.com/ElioNeto/agnostikos/internal/bootstrap/grub.go:67.2,68.101 2 0
github.com/ElioNeto/agnostikos/internal/bootstrap/grub.go:68.101,70.3 1 0
github.com/ElioNeto/agnostikos/internal/bootstrap/grub.go:71.2,71.18 1 0
github.com/ElioNeto/agnostikos/internal/bootstrap/grub.go:75.61,76.25 1 7
github.com/ElioNeto/agnostikos/internal/bootstrap/grub.go:76.25,78.3 1 1
github.com/ElioNeto/agnostikos/internal/bootstrap/grub.go:79.2,79.35 1 6
github.com/ElioNeto/agnostikos/internal/bootstrap/grub.go:79.35,81.3 1 1
github.com/ElioNeto/agnostikos/internal/bootstrap/grub.go:83.2,86.51 3 5
github.com/ElioNeto/agnostikos/internal/bootstrap/grub.go:86.51,88.3 1 0
github.com/ElioNeto/agnostikos/internal/bootstrap/grub.go:90.2,99.73 3 5
github.com/ElioNeto/agnostikos/internal/bootstrap/grub.go:99.73,101.3 1 0
github.com/ElioNeto/agnostikos/internal/bootstrap/grub.go:102.2,104.14 2 5
github.com/ElioNeto/agnostikos/internal/bootstrap/grub.go:104.14,106.56 2 2
github.com/ElioNeto/agnostikos/internal/bootstrap/grub.go:106.56,108.4 1 0
github.com/ElioNeto/agnostikos/internal/bootstrap/grub.go:110.3,111.29 2 2
github.com/ElioNeto/agnostikos/internal/bootstrap/grub.go:111.29,114.18 3 0
github.com/ElioNeto/agnostikos/internal/bootstrap/grub.go:114.18,116.5 1 0
github.com/ElioNeto/agnostikos/internal/bootstrap/grub.go:117.4,117.18 1 0
github.com/ElioNeto/agnostikos/internal/bootstrap/grub.go:117.18,118.18 1 0
github.com/ElioNeto/agnostikos/internal/bootstrap/grub.go:118.18,121.6 2 0
github.com/ElioNeto/agnostikos/internal/bootstrap/grub.go:125.3,126.51 2 2
github.com/ElioNeto/agnostikos/internal/bootstrap/grub.go:126.51,128.4 1 0
github.com/ElioNeto/agnostikos/internal/bootstrap/grub.go:130.3,130.44 1 2
github.com/ElioNeto/agnostikos/internal/bootstrap/grub.go:130.44,133.71 3 2
github.com/ElioNeto/agnostikos/internal/bootstrap/grub.go:133.71,135.5 1 0
github.com/ElioNeto/agnostikos/internal/bootstrap/grub.go:137.3,139.23 2 2
github.com/ElioNeto/agnostikos/internal/bootstrap/grub.go:139.23,150.44 4 2
github.com/ElioNeto/agnostikos/internal/bootstrap/grub.go:150.44,152.5 1 2
github.com/ElioNeto/agnostikos/internal/bootstrap/grub.go:152.10,154.5 1 0
github.com/ElioNeto/agnostikos/internal/bootstrap/grub.go:155.9,157.4 1 0
github.com/ElioNeto/agnostikos/internal/bootstrap/grub.go:158.8,159.23 1 3
github.com/ElioNeto/agnostikos/internal/bootstrap/grub.go:159.23,168.44 4 3
github.com/ElioNeto/agnostikos/internal/bootstrap/grub.go:168.44,169.19 1 3
github.com/ElioNeto/agnostikos/internal/bootstrap/grub.go:169.19,171.6 1 1
github.com/ElioNeto/agnostikos/internal/bootstrap/grub.go:172.5,172.85 1 2
github.com/ElioNeto/agnostikos/internal/bootstrap/grub.go:173.10,175.5 1 0
github.com/ElioNeto/agnostikos/internal/bootstrap/grub.go:176.9,178.4 1 0
github.com/ElioNeto/agnostikos/internal/bootstrap/grub.go:181.2,181.12 1 4
github.com/ElioNeto/agnostikos/internal/bootstrap/grub.go:185.28,188.2 2 6
github.com/ElioNeto/agnostikos/internal/bootstrap/initramfs.go:13.78,14.21 1 5
github.com/ElioNeto/agnostikos/internal/bootstrap/initramfs.go:14.21,16.3 1 1
github.com/ElioNeto/agnostikos/internal/bootstrap/initramfs.go:17.2,17.22 1 4
github.com/ElioNeto/agnostikos/internal/bootstrap/initramfs.go:17.22,19.3 1 1
github.com/ElioNeto/agnostikos/internal/bootstrap/initramfs.go:21.2,22.16 2 3
github.com/ElioNeto/agnostikos/internal/bootstrap/initramfs.go:22.16,24.3 1 0
github.com/ElioNeto/agnostikos/internal/bootstrap/initramfs.go:25.2,25.15 1 3
github.com/ElioNeto/agnostikos/internal/bootstrap/initramfs.go:25.15,25.44 1 3
github.com/ElioNeto/agnostikos/internal/bootstrap/initramfs.go:28.2,28.77 1 3
github.com/ElioNeto/agnostikos/internal/bootstrap/initramfs.go:28.77,30.49 2 18
github.com/ElioNeto/agnostikos/internal/bootstrap/initramfs.go:30.49,32.4 1 0
github.com/ElioNeto/agnostikos/internal/bootstrap/initramfs.go:38.2,80.73 3 3
github.com/ElioNeto/agnostikos/internal/bootstrap/initramfs.go:80.73,82.3 1 0
github.com/ElioNeto/agnostikos/internal/bootstrap/initramfs.go:87.2,89.47 3 3
github.com/ElioNeto/agnostikos/internal/bootstrap/initramfs.go:89.47,94.54 3 0
github.com/ElioNeto/agnostikos/internal/bootstrap/initramfs.go:94.54,96.4 1 0
github.com/ElioNeto/agnostikos/internal/bootstrap/initramfs.go:97.3,98.17 2 0
github.com/ElioNeto/agnostikos/internal/bootstrap/initramfs.go:98.17,100.4 1 0
github.com/ElioNeto/agnostikos/internal/bootstrap/initramfs.go:101.3,102.60 2 0
github.com/ElioNeto/agnostikos/internal/bootstrap/initramfs.go:102.60,104.4 1 0
github.com/ElioNeto/agnostikos/internal/bootstrap/initramfs.go:108.3,139.29 2 0
github.com/ElioNeto/agnostikos/internal/bootstrap/initramfs.go:139.29,141.58 2 0
github.com/ElioNeto/agnostikos/internal/bootstrap/initramfs.go:141.58,142.24 1 0
github.com/ElioNeto/agnostikos/internal/bootstrap/initramfs.go:142.24,143.14 1 0
github.com/ElioNeto/agnostikos/internal/bootstrap/initramfs.go:145.5,145.48 1 0
github.com/ElioNeto/agnostikos/internal/bootstrap/initramfs.go:151.3,152.52 2 0
github.com/ElioNeto/agnostikos/internal/bootstrap/initramfs.go:152.52,154.4 1 0
github.com/ElioNeto/agnostikos/internal/bootstrap/initramfs.go:156.3,156.53 1 0
github.com/ElioNeto/agnostikos/internal/bootstrap/initramfs.go:156.53,158.46 2 0
github.com/ElioNeto/agnostikos/internal/bootstrap/initramfs.go:158.46,160.66 2 0
github.com/ElioNeto/agnostikos/internal/bootstrap/initramfs.go:160.66,162.6 1 0
github.com/ElioNeto/agnostikos/internal/bootstrap/initramfs.go:165.8,167.3 1 3
github.com/ElioNeto/agnostikos/internal/bootstrap/initramfs.go:170.2,174.34 3 3
github.com/ElioNeto/agnostikos/internal/bootstrap/initramfs.go:174.34,176.3 1 0
github.com/ElioNeto/agnostikos/internal/bootstrap/initramfs.go:179.2,179.55 1 3
github.com/ElioNeto/agnostikos/internal/bootstrap/initramfs.go:179.55,181.3 1 0
github.com/ElioNeto/agnostikos/internal/bootstrap/initramfs.go:183.2,184.12 2 3
github.com/ElioNeto/agnostikos/internal/bootstrap/iso.go:25.64,27.25 2 6
github.com/ElioNeto/agnostikos/internal/bootstrap/iso.go:27.25,29.39 2 4
github.com/ElioNeto/agnostikos/internal/bootstrap/iso.go:29.39,31.4 1 1
github.com/ElioNeto/agnostikos/internal/bootstrap/iso.go:32.3,32.16 1 3
github.com/ElioNeto/agnostikos/internal/bootstrap/iso.go:34.2,35.16 2 2
github.com/ElioNeto/agnostikos/internal/bootstrap/iso.go:35.16,37.3 1 0
github.com/ElioNeto/agnostikos/internal/bootstrap/iso.go:38.2,38.23 1 2
github.com/ElioNeto/agnostikos/internal/bootstrap/iso.go:38.23,40.3 1 1
github.com/ElioNeto/agnostikos/internal/bootstrap/iso.go:41.2,42.24 2 1
github.com/ElioNeto/agnostikos/internal/bootstrap/iso.go:45.39,46.42 1 5
github.com/ElioNeto/agnostikos/internal/bootstrap/iso.go:46.42,48.3 1 2
github.com/ElioNeto/agnostikos/internal/bootstrap/iso.go:50.2,51.54 2 3
github.com/ElioNeto/agnostikos/internal/bootstrap/iso.go:51.54,53.3 1 0
github.com/ElioNeto/agnostikos/internal/bootstrap/iso.go:54.2,55.16 2 3
github.com/ElioNeto/agnostikos/internal/bootstrap/iso.go:55.16,57.3 1 0
github.com/ElioNeto/agnostikos/internal/bootstrap/iso.go:58.2,58.15 1 3
github.com/ElioNeto/agnostikos/internal/bootstrap/iso.go:58.15,58.44 1 3
github.com/ElioNeto/agnostikos/internal/bootstrap/iso.go:60.2,62.51 3 3
github.com/ElioNeto/agnostikos/internal/bootstrap/iso.go:62.51,64.3 1 0
github.com/ElioNeto/agnostikos/internal/bootstrap/iso.go:66.2,67.16 2 3
github.com/ElioNeto/agnostikos/internal/bootstrap/iso.go:67.16,69.3 1 1
github.com/ElioNeto/agnostikos/internal/bootstrap/iso.go:70.2,71.16 2 2
github.com/ElioNeto/agnostikos/internal/bootstrap/iso.go:71.16,73.3 1 0
github.com/ElioNeto/agnostikos/internal/bootstrap/iso.go:74.2,74.84 1 2
github.com/ElioNeto/agnostikos/internal/bootstrap/iso.go:74.84,76.3 1 0
github.com/ElioNeto/agnostikos/internal/bootstrap/iso.go:78.2,79.24 2 2
github.com/ElioNeto/agnostikos/internal/bootstrap/iso.go:79.24,81.3 1 2
github.com/ElioNeto/agnostikos/internal/bootstrap/iso.go:82.2,82.56 1 2
github.com/ElioNeto/agnostikos/internal/bootstrap/iso.go:82.56,84.91 2 1
github.com/ElioNeto/agnostikos/internal/bootstrap/iso.go:84.91,86.4 1 0
github.com/ElioNeto/agnostikos/internal/bootstrap/iso.go:87.8,89.96 2 1
github.com/ElioNeto/agnostikos/internal/bootstrap/iso.go:89.96,91.4 1 0
github.com/ElioNeto/agnostikos/internal/bootstrap/iso.go:95.2,96.51 2 2
github.com/ElioNeto/agnostikos/internal/bootstrap/iso.go:96.51,98.3 1 0
github.com/ElioNeto/agnostikos/internal/bootstrap/iso.go:99.2,108.73 3 2
github.com/ElioNeto/agnostikos/internal/bootstrap/iso.go:108.73,110.3 1 0
github.com/ElioNeto/agnostikos/internal/bootstrap/iso.go:112.2,112.37 1 2
github.com/ElioNeto/agnostikos/internal/bootstrap/iso.go:115.58,117.55 2 2
github.com/ElioNeto/agnostikos/internal/bootstrap/iso.go:117.55,119.3 1 0
github.com/ElioNeto/agnostikos/internal/bootstrap/iso.go:120.2,121.16 2 2
github.com/ElioNeto/agnostikos/internal/bootstrap/iso.go:121.16,123.3 1 0
github.com/ElioNeto/agnostikos/internal/bootstrap/iso.go:124.2,124.15 1 2
github.com/ElioNeto/agnostikos/internal/bootstrap/iso.go:124.15,124.44 1 2
github.com/ElioNeto/agnostikos/internal/bootstrap/iso.go:126.2,126.14 1 2
github.com/ElioNeto/agnostikos/internal/bootstrap/iso.go:126.14,129.59 1 2
github.com/ElioNeto/agnostikos/internal/bootstrap/iso.go:129.59,130.71 1 8
github.com/ElioNeto/agnostikos/internal/bootstrap/iso.go:130.71,132.5 1 0
github.com/ElioNeto/agnostikos/internal/bootstrap/iso.go:135.3,136.17 2 2
github.com/ElioNeto/agnostikos/internal/bootstrap/iso.go:136.17,138.4 1 0
github.com/ElioNeto/agnostikos/internal/bootstrap/iso.go:139.3,140.17 2 2
github.com/ElioNeto/agnostikos/internal/bootstrap/iso.go:140.17,142.4 1 0
github.com/ElioNeto/agnostikos/internal/bootstrap/iso.go:143.3,144.60 2 2
github.com/ElioNeto/agnostikos/internal/bootstrap/iso.go:144.60,146.4 1 0
github.com/ElioNeto/agnostikos/internal/bootstrap/iso.go:149.3,149.71 1 2
github.com/ElioNeto/agnostikos/internal/bootstrap/iso.go:149.71,150.87 1 8
github.com/ElioNeto/agnostikos/internal/bootstrap/iso.go:150.87,152.5 1 0
github.com/ElioNeto/agnostikos/internal/bootstrap/iso.go:154.3,166.90 2 2
github.com/ElioNeto/agnostikos/internal/bootstrap/iso.go:166.90,168.4 1 0
github.com/ElioNeto/agnostikos/internal/bootstrap/iso.go:169.8,170.78 1 0
github.com/ElioNeto/agnostikos/internal/bootstrap/iso.go:170.78,171.71 1 0
github.com/ElioNeto/agnostikos/internal/bootstrap/iso.go:171.71,173.5 1 0
github.com/ElioNeto/agnostikos/internal/bootstrap/iso.go:175.3,181.90 2 0
github.com/ElioNeto/agnostikos/internal/bootstrap/iso.go:181.90,183.4 1 0
github.com/ElioNeto/agnostikos/internal/bootstrap/iso.go:186.2,188.34 2 2
github.com/ElioNeto/agnostikos/internal/bootstrap/iso.go:188.34,190.3 1 0
github.com/ElioNeto/agnostikos/internal/bootstrap/iso.go:191.2,191.12 1 2
github.com/ElioNeto/agnostikos/internal/bootstrap/iso.go:197.58,198.58 1 2
github.com/ElioNeto/agnostikos/internal/bootstrap/iso.go:198.58,200.3 1 0
github.com/ElioNeto/agnostikos/internal/bootstrap/iso.go:202.2,203.17 2 2
github.com/ElioNeto/agnostikos/internal/bootstrap/iso.go:203.17,205.3 1 2
github.com/ElioNeto/agnostikos/internal/bootstrap/iso.go:207.2,216.34 5 2
github.com/ElioNeto/agnostikos/internal/bootstrap/iso.go:216.34,218.3 1 0
github.com/ElioNeto/agnostikos/internal/bootstrap/iso.go:219.2,219.12 1 2
github.com/ElioNeto/agnostikos/internal/bootstrap/kernel.go:33.67,34.14 1 0
github.com/ElioNeto/agnostikos/internal/bootstrap/kernel.go:35.15,36.55 1 0
github.com/ElioNeto/agnostikos/internal/bootstrap/kernel.go:37.10,38.63 1 0
github.com/ElioNeto/agnostikos/internal/bootstrap/kernel.go:43.46,44.20 1 0
github.com/ElioNeto/agnostikos/internal/bootstrap/kernel.go:44.20,46.3 1 0
github.com/ElioNeto/agnostikos/internal/bootstrap/kernel.go:48.2,48.24 1 0
github.com/ElioNeto/agnostikos/internal/bootstrap/kernel.go:49.15,50.17 1 0
github.com/ElioNeto/agnostikos/internal/bootstrap/kernel.go:51.10,52.17 1 0
github.com/ElioNeto/agnostikos/internal/bootstrap/kernel.go:58.61,60.87 2 2
github.com/ElioNeto/agnostikos/internal/bootstrap/kernel.go:60.87,62.3 1 0
github.com/ElioNeto/agnostikos/internal/bootstrap/kernel.go:63.2,73.34 4 2
github.com/ElioNeto/agnostikos/internal/bootstrap/kernel.go:73.34,75.3 1 0
github.com/ElioNeto/agnostikos/internal/bootstrap/kernel.go:76.2,76.12 1 2
github.com/ElioNeto/agnostikos/internal/bootstrap/kernel.go:80.42,89.58 7 0
github.com/ElioNeto/agnostikos/internal/bootstrap/kernel.go:89.58,91.3 1 0
github.com/ElioNeto/agnostikos/internal/bootstrap/kernel.go:92.2,92.57 1 0
github.com/ElioNeto/agnostikos/internal/bootstrap/kernel.go:92.57,94.3 1 0
github.com/ElioNeto/agnostikos/internal/bootstrap/kernel.go:97.2,97.56 1 0
github.com/ElioNeto/agnostikos/internal/bootstrap/kernel.go:97.56,102.35 5 0
github.com/ElioNeto/agnostikos/internal/bootstrap/kernel.go:102.35,104.4 1 0
github.com/ElioNeto/agnostikos/internal/bootstrap/kernel.go:108.2,108.52 1 0
github.com/ElioNeto/agnostikos/internal/bootstrap/kernel.go:108.52,112.35 4 0
github.com/ElioNeto/agnostikos/internal/bootstrap/kernel.go:112.35,114.4 1 0
github.com/ElioNeto/agnostikos/internal/bootstrap/kernel.go:118.2,121.25 2 0
github.com/ElioNeto/agnostikos/internal/bootstrap/kernel.go:121.25,123.3 1 0
github.com/ElioNeto/agnostikos/internal/bootstrap/kernel.go:124.2,127.34 4 0
github.com/ElioNeto/agnostikos/internal/bootstrap/kernel.go:127.34,129.3 1 0
github.com/ElioNeto/agnostikos/internal/bootstrap/kernel.go:132.2,132.66 1 0
github.com/ElioNeto/agnostikos/internal/bootstrap/kernel.go:132.66,134.3 1 0
github.com/ElioNeto/agnostikos/internal/bootstrap/kernel.go:137.2,142.34 6 0
github.com/ElioNeto/agnostikos/internal/bootstrap/kernel.go:142.34,144.3 1 0
github.com/ElioNeto/agnostikos/internal/bootstrap/kernel.go:147.2,149.21 3 0
github.com/ElioNeto/agnostikos/internal/bootstrap/kernel.go:149.21,151.3 1 0
github.com/ElioNeto/agnostikos/internal/bootstrap/kernel.go:152.2,154.16 3 0
github.com/ElioNeto/agnostikos/internal/bootstrap/kernel.go:154.16,156.3 1 0
github.com/ElioNeto/agnostikos/internal/bootstrap/kernel.go:157.2,157.54 1 0
github.com/ElioNeto/agnostikos/internal/bootstrap/kernel.go:157.54,159.3 1 0
github.com/ElioNeto/agnostikos/internal/bootstrap/kernel.go:162.2,168.12 6 0
github.com/ElioNeto/agnostikos/internal/bootstrap/rootfs.go:67.42,68.18 1 4
github.com/ElioNeto/agnostikos/internal/bootstrap/rootfs.go:68.18,70.3 1 2
github.com/ElioNeto/agnostikos/internal/bootstrap/rootfs.go:71.2,71.48 1 2
github.com/ElioNeto/agnostikos/internal/bootstrap/rootfs.go:71.48,73.3 1 1
github.com/ElioNeto/agnostikos/internal/bootstrap/rootfs.go:74.2,74.20 1 1
github.com/ElioNeto/agnostikos/internal/bootstrap/rootfs.go:78.42,80.49 2 1
github.com/ElioNeto/agnostikos/internal/bootstrap/rootfs.go:80.49,82.3 1 1
github.com/ElioNeto/agnostikos/internal/bootstrap/rootfs.go:82.8,82.55 1 0
github.com/ElioNeto/agnostikos/internal/bootstrap/rootfs.go:82.55,84.3 1 0
github.com/ElioNeto/agnostikos/internal/bootstrap/rootfs.go:85.2,85.39 1 1
github.com/ElioNeto/agnostikos/internal/bootstrap/rootfs.go:89.22,91.2 1 5
github.com/ElioNeto/agnostikos/internal/bootstrap/rootfs.go:94.39,97.2 2 0
github.com/ElioNeto/agnostikos/internal/bootstrap/rootfs.go:100.40,104.37 3 0
github.com/ElioNeto/agnostikos/internal/bootstrap/rootfs.go:104.37,106.49 2 0
github.com/ElioNeto/agnostikos/internal/bootstrap/rootfs.go:106.49,108.4 1 0
github.com/ElioNeto/agnostikos/internal/bootstrap/rootfs.go:111.2,118.35 2 0
github.com/ElioNeto/agnostikos/internal/bootstrap/rootfs.go:118.35,120.48 2 0
github.com/ElioNeto/agnostikos/internal/bootstrap/rootfs.go:120.48,122.4 1 0
github.com/ElioNeto/agnostikos/internal/bootstrap/rootfs.go:125.2,126.31 2 0
github.com/ElioNeto/agnostikos/internal/bootstrap/rootfs.go:130.48,133.47 3 1
github.com/ElioNeto/agnostikos/internal/bootstrap/rootfs.go:133.47,135.3 1 0
github.com/ElioNeto/agnostikos/internal/bootstrap/rootfs.go:136.2,136.39 1 1
github.com/ElioNeto/agnostikos/internal/bootstrap/rootfs.go:136.39,138.42 2 3
github.com/ElioNeto/agnostikos/internal/bootstrap/rootfs.go:138.42,140.12 2 3
github.com/ElioNeto/agnostikos/internal/bootstrap/rootfs.go:142.3,143.53 2 0
github.com/ElioNeto/agnostikos/internal/bootstrap/rootfs.go:143.53,145.4 1 0
github.com/ElioNeto/agnostikos/internal/bootstrap/rootfs.go:146.3,146.54 1 0
github.com/ElioNeto/agnostikos/internal/bootstrap/rootfs.go:148.2,148.12 1 1
github.com/ElioNeto/agnostikos/internal/bootstrap/rootfs.go:152.43,154.16 2 0
github.com/ElioNeto/agnostikos/internal/bootstrap/rootfs.go:154.16,156.3 1 0
github.com/ElioNeto/agnostikos/internal/bootstrap/rootfs.go:157.2,158.16 2 0
github.com/ElioNeto/agnostikos/internal/bootstrap/rootfs.go:158.16,160.3 1 0
github.com/ElioNeto/agnostikos/internal/bootstrap/rootfs.go:161.2,161.15 1 0
github.com/ElioNeto/agnostikos/internal/bootstrap/rootfs.go:161.15,161.40 1 0
github.com/ElioNeto/agnostikos/internal/bootstrap/rootfs.go:162.2,162.38 1 0
github.com/ElioNeto/agnostikos/internal/bootstrap/rootfs.go:162.38,164.3 1 0
github.com/ElioNeto/agnostikos/internal/bootstrap/rootfs.go:165.2,166.16 2 0
github.com/ElioNeto/agnostikos/internal/bootstrap/rootfs.go:166.16,168.3 1 0
github.com/ElioNeto/agnostikos/internal/bootstrap/rootfs.go:169.2,169.15 1 0
github.com/ElioNeto/agnostikos/internal/bootstrap/rootfs.go:169.15,169.32 1 0
github.com/ElioNeto/agnostikos/internal/bootstrap/rootfs.go:170.2,170.49 1 0
github.com/ElioNeto/agnostikos/internal/bootstrap/rootfs.go:170.49,172.3 1 0
github.com/ElioNeto/agnostikos/internal/bootstrap/rootfs.go:173.2,173.12 1 0
github.com/ElioNeto/agnostikos/internal/bootstrap/rootfs.go:177.42,188.27 3 0
github.com/ElioNeto/agnostikos/internal/bootstrap/rootfs.go:188.27,190.19 2 0
github.com/ElioNeto/agnostikos/internal/bootstrap/rootfs.go:190.19,192.4 1 0
github.com/ElioNeto/agnostikos/internal/bootstrap/rootfs.go:193.3,194.107 2 0
github.com/ElioNeto/agnostikos/internal/bootstrap/rootfs.go:194.107,196.4 1 0
github.com/ElioNeto/agnostikos/internal/bootstrap/rootfs.go:196.9,198.4 1 0
github.com/ElioNeto/agnostikos/internal/bootstrap/rootfs.go:201.2,201.12 1 0
github.com/ElioNeto/agnostikos/internal/bootstrap/rootfs.go:205.44,206.69 1 0
github.com/ElioNeto/agnostikos/internal/bootstrap/rootfs.go:206.69,208.3 1 0
github.com/ElioNeto/agnostikos/internal/bootstrap/rootfs.go:209.2,209.12 1 0
github.com/ElioNeto/agnostikos/internal/bootstrap/rootfs.go:236.51,237.21 1 0
github.com/ElioNeto/agnostikos/internal/bootstrap/rootfs.go:237.21,239.3 1 0
github.com/ElioNeto/agnostikos/internal/bootstrap/rootfs.go:240.2,240.29 1 0
github.com/ElioNeto/agnostikos/internal/bootstrap/rootfs.go:246.52,248.51 2 7
github.com/ElioNeto/agnostikos/internal/bootstrap/rootfs.go:248.51,251.3 2 1
github.com/ElioNeto/agnostikos/internal/bootstrap/rootfs.go:254.2,255.68 2 6
github.com/ElioNeto/agnostikos/internal/bootstrap/rootfs.go:255.68,257.3 1 0
github.com/ElioNeto/agnostikos/internal/bootstrap/rootfs.go:258.2,259.39 2 6
github.com/ElioNeto/agnostikos/internal/bootstrap/rootfs.go:259.39,261.3 1 0
github.com/ElioNeto/agnostikos/internal/bootstrap/rootfs.go:262.2,262.46 1 6
github.com/ElioNeto/agnostikos/internal/bootstrap/rootfs.go:262.46,264.17 2 4
github.com/ElioNeto/agnostikos/internal/bootstrap/rootfs.go:264.17,266.4 1 0
github.com/ElioNeto/agnostikos/internal/bootstrap/rootfs.go:267.3,267.16 1 4
github.com/ElioNeto/agnostikos/internal/bootstrap/rootfs.go:267.16,267.33 1 4
github.com/ElioNeto/agnostikos/internal/bootstrap/rootfs.go:268.3,268.56 1 4
github.com/ElioNeto/agnostikos/internal/bootstrap/rootfs.go:268.56,270.4 1 0
github.com/ElioNeto/agnostikos/internal/bootstrap/rootfs.go:271.3,271.59 1 4
github.com/ElioNeto/agnostikos/internal/bootstrap/rootfs.go:275.2,276.68 2 6
github.com/ElioNeto/agnostikos/internal/bootstrap/rootfs.go:276.68,278.3 1 0
github.com/ElioNeto/agnostikos/internal/bootstrap/rootfs.go:279.2,280.39 2 6
github.com/ElioNeto/agnostikos/internal/bootstrap/rootfs.go:280.39,282.3 1 0
github.com/ElioNeto/agnostikos/internal/bootstrap/rootfs.go:283.2,285.29 3 6
github.com/ElioNeto/agnostikos/internal/bootstrap/rootfs.go:285.29,287.55 2 6
github.com/ElioNeto/agnostikos/internal/bootstrap/rootfs.go:287.55,288.12 1 1
github.com/ElioNeto/agnostikos/internal/bootstrap/rootfs.go:290.3,291.44 2 5
github.com/ElioNeto/agnostikos/internal/bootstrap/rootfs.go:291.44,295.9 4 5
github.com/ElioNeto/agnostikos/internal/bootstrap/rootfs.go:298.2,298.12 1 6
github.com/ElioNeto/agnostikos/internal/bootstrap/rootfs.go:298.12,301.3 1 1
github.com/ElioNeto/agnostikos/internal/bootstrap/rootfs.go:302.2,303.35 2 6
github.com/ElioNeto/agnostikos/internal/bootstrap/rootfs.go:303.35,304.73 1 4
github.com/ElioNeto/agnostikos/internal/bootstrap/rootfs.go:304.73,306.4 1 0
github.com/ElioNeto/agnostikos/internal/bootstrap/rootfs.go:307.3,307.75 1 4
github.com/ElioNeto/agnostikos/internal/bootstrap/rootfs.go:310.2,310.12 1 6
github.com/ElioNeto/agnostikos/internal/bootstrap/rootfs.go:314.48,315.52 1 6
github.com/ElioNeto/agnostikos/internal/bootstrap/rootfs.go:315.52,316.39 1 7
github.com/ElioNeto/agnostikos/internal/bootstrap/rootfs.go:316.39,318.4 1 2
github.com/ElioNeto/agnostikos/internal/bootstrap/rootfs.go:320.2,320.14 1 4
github.com/ElioNeto/agnostikos/internal/bootstrap/rootfs.go:326.59,327.20 1 0
github.com/ElioNeto/agnostikos/internal/bootstrap/rootfs.go:327.20,329.3 1 0
github.com/ElioNeto/agnostikos/internal/bootstrap/rootfs.go:331.2,332.53 2 0
github.com/ElioNeto/agnostikos/internal/bootstrap/rootfs.go:332.53,334.3 1 0
github.com/ElioNeto/agnostikos/internal/bootstrap/rootfs.go:336.2,343.72 3 0
github.com/ElioNeto/agnostikos/internal/bootstrap/rootfs.go:343.72,345.3 1 0
github.com/ElioNeto/agnostikos/internal/bootstrap/rootfs.go:347.2,348.12 2 0
github.com/ElioNeto/agnostikos/internal/bootstrap/rootfs.go:353.61,354.24 1 0
github.com/ElioNeto/agnostikos/internal/bootstrap/rootfs.go:354.24,356.3 1 0
github.com/ElioNeto/agnostikos/internal/bootstrap/rootfs.go:358.2,359.52 2 0
github.com/ElioNeto/agnostikos/internal/bootstrap/rootfs.go:359.52,362.3 2 0
github.com/ElioNeto/agnostikos/internal/bootstrap/rootfs.go:364.2,373.54 4 0
github.com/ElioNeto/agnostikos/internal/bootstrap/rootfs.go:373.54,376.3 2 0
github.com/ElioNeto/agnostikos/internal/bootstrap/rootfs.go:377.2,378.79 2 0
github.com/ElioNeto/agnostikos/internal/bootstrap/rootfs.go:378.79,381.3 2 0
github.com/ElioNeto/agnostikos/internal/bootstrap/rootfs.go:382.2,385.30 2 0
github.com/ElioNeto/agnostikos/internal/bootstrap/rootfs.go:385.30,390.17 5 0
github.com/ElioNeto/agnostikos/internal/bootstrap/rootfs.go:390.17,392.4 1 0
github.com/ElioNeto/agnostikos/internal/bootstrap/rootfs.go:392.9,394.4 1 0
github.com/ElioNeto/agnostikos/internal/bootstrap/rootfs.go:399.67,400.25 1 0
github.com/ElioNeto/agnostikos/internal/bootstrap/rootfs.go:400.25,402.3 1 0
github.com/ElioNeto/agnostikos/internal/bootstrap/rootfs.go:404.2,406.16 3 0
github.com/ElioNeto/agnostikos/internal/bootstrap/rootfs.go:406.16,408.3 1 0
github.com/ElioNeto/agnostikos/internal/bootstrap/rootfs.go:409.2,414.52 3 0
github.com/ElioNeto/agnostikos/internal/bootstrap/rootfs.go:414.52,416.3 1 0
github.com/ElioNeto/agnostikos/internal/bootstrap/rootfs.go:419.2,420.57 2 0
github.com/ElioNeto/agnostikos/internal/bootstrap/rootfs.go:420.57,422.3 1 0
github.com/ElioNeto/agnostikos/internal/bootstrap/rootfs.go:424.2,430.24 2 0
github.com/ElioNeto/agnostikos/internal/bootstrap/rootfs.go:430.24,432.51 2 0
github.com/ElioNeto/agnostikos/internal/bootstrap/rootfs.go:432.51,434.4 1 0
github.com/ElioNeto/agnostikos/internal/bootstrap/rootfs.go:435.8,437.3 1 0
github.com/ElioNeto/agnostikos/internal/bootstrap/rootfs.go:440.2,440.24 1 0
github.com/ElioNeto/agnostikos/internal/bootstrap/rootfs.go:440.24,442.46 2 0
github.com/ElioNeto/agnostikos/internal/bootstrap/rootfs.go:442.46,444.4 1 0
github.com/ElioNeto/agnostikos/internal/bootstrap/rootfs.go:445.8,447.3 1 0
github.com/ElioNeto/agnostikos/internal/bootstrap/rootfs.go:450.2,450.24 1 0
github.com/ElioNeto/agnostikos/internal/bootstrap/rootfs.go:450.24,452.48 2 0
github.com/ElioNeto/agnostikos/internal/bootstrap/rootfs.go:452.48,454.4 1 0
github.com/ElioNeto/agnostikos/internal/bootstrap/rootfs.go:455.8,457.3 1 0
github.com/ElioNeto/agnostikos/internal/bootstrap/rootfs.go:460.2,462.21 3 0
github.com/ElioNeto/agnostikos/internal/bootstrap/rootfs.go:462.21,463.51 1 0
github.com/ElioNeto/agnostikos/internal/bootstrap/rootfs.go:463.51,465.4 1 0
github.com/ElioNeto/agnostikos/internal/bootstrap/rootfs.go:465.9,474.49 3 0
github.com/ElioNeto/agnostikos/internal/bootstrap/rootfs.go:474.49,476.5 1 0
github.com/ElioNeto/agnostikos/internal/bootstrap/rootfs.go:478.8,480.3 1 0
github.com/ElioNeto/agnostikos/internal/bootstrap/rootfs.go:483.2,484.22 2 0
github.com/ElioNeto/agnostikos/internal/bootstrap/rootfs.go:484.22,485.52 1 0
github.com/ElioNeto/agnostikos/internal/bootstrap/rootfs.go:485.52,487.4 1 0
github.com/ElioNeto/agnostikos/internal/bootstrap/rootfs.go:487.9,493.56 3 0
github.com/ElioNeto/agnostikos/internal/bootstrap/rootfs.go:493.56,495.5 1 0
github.com/ElioNeto/agnostikos/internal/bootstrap/rootfs.go:497.8,499.3 1 0
github.com/ElioNeto/agnostikos/internal/bootstrap/rootfs.go:502.2,503.24 2 0
github.com/ElioNeto/agnostikos/internal/bootstrap/rootfs.go:503.24,504.54 1 0
github.com/ElioNeto/agnostikos/internal/bootstrap/rootfs.go:504.54,506.4 1 0
github.com/ElioNeto/agnostikos/internal/bootstrap/rootfs.go:506.9,509.55 3 0
github.com/ElioNeto/agnostikos/internal/bootstrap/rootfs.go:509.55,511.5 1 0
github.com/ElioNeto/agnostikos/internal/bootstrap/rootfs.go:512.4,512.80 1 0
github.com/ElioNeto/agnostikos/internal/bootstrap/rootfs.go:512.80,514.5 1 0
github.com/ElioNeto/agnostikos/internal/bootstrap/rootfs.go:516.8,518.3 1 0
github.com/ElioNeto/agnostikos/internal/bootstrap/rootfs.go:521.2,522.19 2 0
github.com/ElioNeto/agnostikos/internal/bootstrap/rootfs.go:522.19,523.49 1 0
github.com/ElioNeto/agnostikos/internal/bootstrap/rootfs.go:523.49,525.4 1 0
github.com/ElioNeto/agnostikos/internal/bootstrap/rootfs.go:525.9,533.19 2 0
github.com/ElioNeto/agnostikos/internal/bootstrap/rootfs.go:533.19,535.5 1 0
github.com/ElioNeto/agnostikos/internal/bootstrap/rootfs.go:537.8,539.3 1 0
github.com/ElioNeto/agnostikos/internal/bootstrap/rootfs.go:542.2,543.61 2 0
github.com/ElioNeto/agnostikos/internal/bootstrap/rootfs.go:543.61,545.3 1 0
github.com/ElioNeto/agnostikos/internal/bootstrap/rootfs.go:548.2,548.31 1 0
github.com/ElioNeto/agnostikos/internal/bootstrap/rootfs.go:548.31,551.3 2 0
github.com/ElioNeto/agnostikos/internal/bootstrap/rootfs.go:551.8,553.3 1 0
github.com/ElioNeto/agnostikos/internal/bootstrap/rootfs.go:556.2,556.29 1 0
github.com/ElioNeto/agnostikos/internal/bootstrap/rootfs.go:556.29,558.78 2 0
github.com/ElioNeto/agnostikos/internal/bootstrap/rootfs.go:558.78,560.4 1 0
github.com/ElioNeto/agnostikos/internal/bootstrap/rootfs.go:561.8,563.3 1 0
github.com/ElioNeto/agnostikos/internal/bootstrap/rootfs.go:566.2,566.23 1 0
github.com/ElioNeto/agnostikos/internal/bootstrap/rootfs.go:566.23,569.23 3 0
github.com/ElioNeto/agnostikos/internal/bootstrap/rootfs.go:569.23,571.4 1 0
github.com/ElioNeto/agnostikos/internal/bootstrap/rootfs.go:572.3,574.62 3 0
github.com/ElioNeto/agnostikos/internal/bootstrap/rootfs.go:574.62,576.4 1 0
github.com/ElioNeto/agnostikos/internal/bootstrap/rootfs.go:577.3,577.46 1 0
github.com/ElioNeto/agnostikos/internal/bootstrap/rootfs.go:578.8,580.3 1 0
github.com/ElioNeto/agnostikos/internal/bootstrap/rootfs.go:582.2,583.12 2 0
github.com/ElioNeto/agnostikos/internal/bootstrap/toolchain.go:22.28,24.16 2 0
github.com/ElioNeto/agnostikos/internal/bootstrap/toolchain.go:24.16,26.3 1 0
github.com/ElioNeto/agnostikos/internal/bootstrap/toolchain.go:27.2,27.39 1 0
github.com/ElioNeto/agnostikos/internal/bootstrap/toolchain.go:30.51,31.23 1 0
github.com/ElioNeto/agnostikos/internal/bootstrap/toolchain.go:31.23,33.3 1 0
github.com/ElioNeto/agnostikos/internal/bootstrap/toolchain.go:34.2,37.11 2 0
github.com/ElioNeto/agnostikos/internal/bootstrap/toolchain.go:37.11,39.3 1 0
github.com/ElioNeto/agnostikos/internal/bootstrap/toolchain.go:40.2,40.24 1 0
github.com/ElioNeto/agnostikos/internal/bootstrap/toolchain.go:43.50,44.22 1 0
github.com/ElioNeto/agnostikos/internal/bootstrap/toolchain.go:44.22,46.3 1 0
github.com/ElioNeto/agnostikos/internal/bootstrap/toolchain.go:47.2,47.23 1 0
github.com/ElioNeto/agnostikos/internal/bootstrap/toolchain.go:51.90,52.48 1 0
github.com/ElioNeto/agnostikos/internal/bootstrap/toolchain.go:52.48,55.3 2 0
github.com/ElioNeto/agnostikos/internal/bootstrap/toolchain.go:56.2,59.18 4 0
github.com/ElioNeto/agnostikos/internal/bootstrap/toolchain.go:63.68,72.56 8 0
github.com/ElioNeto/agnostikos/internal/bootstrap/toolchain.go:72.56,74.3 1 0
github.com/ElioNeto/agnostikos/internal/bootstrap/toolchain.go:76.2,76.75 1 0
github.com/ElioNeto/agnostikos/internal/bootstrap/toolchain.go:76.75,78.3 1 0
github.com/ElioNeto/agnostikos/internal/bootstrap/toolchain.go:80.2,81.52 2 0
github.com/ElioNeto/agnostikos/internal/bootstrap/toolchain.go:81.52,83.3 1 0
github.com/ElioNeto/agnostikos/internal/bootstrap/toolchain.go:86.2,87.46 2 0
github.com/ElioNeto/agnostikos/internal/bootstrap/toolchain.go:87.46,90.3 2 0
github.com/ElioNeto/agnostikos/internal/bootstrap/toolchain.go:92.2,103.43 5 0
github.com/ElioNeto/agnostikos/internal/bootstrap/toolchain.go:103.43,105.3 1 0
github.com/ElioNeto/agnostikos/internal/bootstrap/toolchain.go:107.2,111.38 5 0
github.com/ElioNeto/agnostikos/internal/bootstrap/toolchain.go:111.38,113.3 1 0
github.com/ElioNeto/agnostikos/internal/bootstrap/toolchain.go:115.2,117.54 3 0
github.com/ElioNeto/agnostikos/internal/bootstrap/toolchain.go:117.54,119.3 1 0
github.com/ElioNeto/agnostikos/internal/bootstrap/toolchain.go:120.2,124.41 4 0
github.com/ElioNeto/agnostikos/internal/bootstrap/toolchain.go:124.41,126.3 1 0
github.com/ElioNeto/agnostikos/internal/bootstrap/toolchain.go:129.2,129.68 1 0
github.com/ElioNeto/agnostikos/internal/bootstrap/toolchain.go:129.68,131.3 1 0
github.com/ElioNeto/agnostikos/internal/bootstrap/toolchain.go:133.2,134.12 2 0
github.com/ElioNeto/agnostikos/internal/bootstrap/toolchain.go:138.63,147.56 8 0
github.com/ElioNeto/agnostikos/internal/bootstrap/toolchain.go:147.56,149.3 1 0
github.com/ElioNeto/agnostikos/internal/bootstrap/toolchain.go:151.2,151.75 1 0
github.com/ElioNeto/agnostikos/internal/bootstrap/toolchain.go:151.75,153.3 1 0
github.com/ElioNeto/agnostikos/internal/bootstrap/toolchain.go:156.2,162.36 5 0
github.com/ElioNeto/agnostikos/internal/bootstrap/toolchain.go:162.36,164.3 1 0
github.com/ElioNeto/agnostikos/internal/bootstrap/toolchain.go:166.2,167.52 2 0
github.com/ElioNeto/agnostikos/internal/bootstrap/toolchain.go:167.52,169.3 1 0
github.com/ElioNeto/agnostikos/internal/bootstrap/toolchain.go:171.2,172.46 2 0
github.com/ElioNeto/agnostikos/internal/bootstrap/toolchain.go:172.46,175.3 2 0
github.com/ElioNeto/agnostikos/internal/bootstrap/toolchain.go:177.2,190.43 5 0
github.com/ElioNeto/agnostikos/internal/bootstrap/toolchain.go:190.43,192.3 1 0
github.com/ElioNeto/agnostikos/internal/bootstrap/toolchain.go:194.2,198.38 5 0
github.com/ElioNeto/agnostikos/internal/bootstrap/toolchain.go:198.38,200.3 1 0
github.com/ElioNeto/agnostikos/internal/bootstrap/toolchain.go:202.2,208.41 6 0
github.com/ElioNeto/agnostikos/internal/bootstrap/toolchain.go:208.41,210.3 1 0
github.com/ElioNeto/agnostikos/internal/bootstrap/toolchain.go:212.2,212.68 1 0
github.com/ElioNeto/agnostikos/internal/bootstrap/toolchain.go:212.68,214.3 1 0
github.com/ElioNeto/agnostikos/internal/bootstrap/toolchain.go:216.2,217.12 2 0
github.com/ElioNeto/agnostikos/internal/bootstrap/toolchain.go:221.65,230.56 8 0
github.com/ElioNeto/agnostikos/internal/bootstrap/toolchain.go:230.56,232.3 1 0
github.com/ElioNeto/agnostikos/internal/bootstrap/toolchain.go:234.2,234.75 1 0
github.com/ElioNeto/agnostikos/internal/bootstrap/toolchain.go:234.75,236.3 1 0
github.com/ElioNeto/agnostikos/internal/bootstrap/toolchain.go:238.2,239.52 2 0
github.com/ElioNeto/agnostikos/internal/bootstrap/toolchain.go:239.52,241.3 1 0
github.com/ElioNeto/agnostikos/internal/bootstrap/toolchain.go:243.2,244.46 2 0
github.com/ElioNeto/agnostikos/internal/bootstrap/toolchain.go:244.46,247.3 2 0
github.com/ElioNeto/agnostikos/internal/bootstrap/toolchain.go:249.2,258.43 5 0
github.com/ElioNeto/agnostikos/internal/bootstrap/toolchain.go:258.43,260.3 1 0
github.com/ElioNeto/agnostikos/internal/bootstrap/toolchain.go:262.2,266.38 5 0
github.com/ElioNeto/agnostikos/internal/bootstrap/toolchain.go:266.38,268.3 1 0
github.com/ElioNeto/agnostikos/internal/bootstrap/toolchain.go:270.2,276.41 6 0
github.com/ElioNeto/agnostikos/internal/bootstrap/toolchain.go:276.41,278.3 1 0
github.com/ElioNeto/agnostikos/internal/bootstrap/toolchain.go:280.2,280.68 1 0
github.com/ElioNeto/agnostikos/internal/bootstrap/toolchain.go:280.68,282.3 1 0
github.com/ElioNeto/agnostikos/internal/bootstrap/toolchain.go:284.2,285.12 2 0
github.com/ElioNeto/agnostikos/internal/server/server.go:45.48,72.2 15 22
github.com/ElioNeto/agnostikos/internal/server/server.go:75.44,78.2 2 0
github.com/ElioNeto/agnostikos/internal/server/server.go:81.41,83.2 1 22
github.com/ElioNeto/agnostikos/internal/server/server.go:85.31,87.17 2 22
github.com/ElioNeto/agnostikos/internal/server/server.go:87.17,90.43 2 0
github.com/ElioNeto/agnostikos/internal/server/server.go:90.43,92.4 1 0
github.com/ElioNeto/agnostikos/internal/server/server.go:93.3,94.73 2 0
github.com/ElioNeto/agnostikos/internal/server/server.go:96.2,97.33 2 22
github.com/ElioNeto/agnostikos/internal/server/server.go:101.67,102.54 1 176
github.com/ElioNeto/agnostikos/internal/server/server.go:102.54,104.18 2 23
github.com/ElioNeto/agnostikos/internal/server/server.go:104.18,107.4 2 3
github.com/ElioNeto/agnostikos/internal/server/server.go:108.3,109.44 2 20
github.com/ElioNeto/agnostikos/internal/server/server.go:109.44,112.4 2 1
github.com/ElioNeto/agnostikos/internal/server/server.go:113.3,113.13 1 19
github.com/ElioNeto/agnostikos/internal/server/server.go:123.74,128.71 3 2
github.com/ElioNeto/agnostikos/internal/server/server.go:128.71,130.3 1 0
github.com/ElioNeto/agnostikos/internal/server/server.go:135.77,140.71 3 1
github.com/ElioNeto/agnostikos/internal/server/server.go:140.71,142.3 1 0
github.com/ElioNeto/agnostikos/internal/server/server.go:147.72,152.71 3 1
github.com/ElioNeto/agnostikos/internal/server/server.go:152.71,154.3 1 0
github.com/ElioNeto/agnostikos/internal/server/server.go:164.77,170.23 4 3
github.com/ElioNeto/agnostikos/internal/server/server.go:170.23,171.36 1 2
github.com/ElioNeto/agnostikos/internal/server/server.go:171.36,173.18 2 6
github.com/ElioNeto/agnostikos/internal/server/server.go:173.18,175.13 2 0
github.com/ElioNeto/agnostikos/internal/server/server.go:177.4,177.40 1 6
github.com/ElioNeto/agnostikos/internal/server/server.go:179.8,181.17 2 1
github.com/ElioNeto/agnostikos/internal/server/server.go:181.17,184.4 2 0
github.com/ElioNeto/agnostikos/internal/server/server.go:185.3,185.18 1 1
github.com/ElioNeto/agnostikos/internal/server/server.go:188.2,191.13 2 3
github.com/ElioNeto/agnostikos/internal/server/server.go:191.13,193.3 1 1
github.com/ElioNeto/agnostikos/internal/server/server.go:195.2,196.33 2 3
github.com/ElioNeto/agnostikos/internal/server/server.go:199.100,201.9 2 10
github.com/ElioNeto/agnostikos/internal/server/server.go:201.9,203.3 1 0
github.com/ElioNeto/agnostikos/internal/server/server.go:205.2,207.17 3 10
github.com/ElioNeto/agnostikos/internal/server/server.go:207.17,209.3 1 3
github.com/ElioNeto/agnostikos/internal/server/server.go:209.8,211.3 1 7
github.com/ElioNeto/agnostikos/internal/server/server.go:212.2,212.16 1 10
github.com/ElioNeto/agnostikos/internal/server/server.go:212.16,214.3 1 0
github.com/ElioNeto/agnostikos/internal/server/server.go:216.2,217.25 2 10
github.com/ElioNeto/agnostikos/internal/server/server.go:217.25,219.3 1 10
github.com/ElioNeto/agnostikos/internal/server/server.go:220.2,220.21 1 10
github.com/ElioNeto/agnostikos/internal/server/server.go:225.78,231.23 4 1
github.com/ElioNeto/agnostikos/internal/server/server.go:231.23,232.36 1 1
github.com/ElioNeto/agnostikos/internal/server/server.go:232.36,234.18 2 3
github.com/ElioNeto/agnostikos/internal/server/server.go:234.18,236.13 2 0
github.com/ElioNeto/agnostikos/internal/server/server.go:238.4,238.40 1 3
github.com/ElioNeto/agnostikos/internal/server/server.go:240.8,242.17 2 0
github.com/ElioNeto/agnostikos/internal/server/server.go:242.17,245.4 2 0
github.com/ElioNeto/agnostikos/internal/server/server.go:246.3,246.18 1 0
github.com/ElioNeto/agnostikos/internal/server/server.go:249.2,250.24 2 1
github.com/ElioNeto/agnostikos/internal/server/server.go:250.24,253.3 2 0
github.com/ElioNeto/agnostikos/internal/server/server.go:255.2,256.29 2 1
github.com/ElioNeto/agnostikos/internal/server/server.go:256.29,267.3 3 4
github.com/ElioNeto/agnostikos/internal/server/server.go:268.2,268.37 1 1
github.com/ElioNeto/agnostikos/internal/server/server.go:278.79,280.61 2 6
github.com/ElioNeto/agnostikos/internal/server/server.go:280.61,283.3 2 1
github.com/ElioNeto/agnostikos/internal/server/server.go:284.2,284.41 1 5
github.com/ElioNeto/agnostikos/internal/server/server.go:284.41,287.3 2 3
github.com/ElioNeto/agnostikos/internal/server/server.go:289.2,290.9 2 2
github.com/ElioNeto/agnostikos/internal/server/server.go:290.9,293.3 2 1
github.com/ElioNeto/agnostikos/internal/server/server.go:295.2,295.46 1 1
github.com/ElioNeto/agnostikos/internal/server/server.go:295.46,303.3 3 0
github.com/ElioNeto/agnostikos/internal/server/server.go:305.2,311.83 3 1
github.com/ElioNeto/agnostikos/internal/server/server.go:316.78,319.23 3 2
github.com/ElioNeto/agnostikos/internal/server/server.go:319.23,321.3 1 1
github.com/ElioNeto/agnostikos/internal/server/server.go:323.2,324.9 2 2
github.com/ElioNeto/agnostikos/internal/server/server.go:324.9,327.3 2 0
github.com/ElioNeto/agnostikos/internal/server/server.go:329.2,329.41 1 2
github.com/ElioNeto/agnostikos/internal/server/server.go:329.41,332.3 2 0
github.com/ElioNeto/agnostikos/internal/server/server.go:334.2,335.79 2 2
github.com/ElioNeto/agnostikos/internal/server/server.go:344.79,346.61 2 2
github.com/ElioNeto/agnostikos/internal/server/server.go:346.61,349.3 2 0
github.com/ElioNeto/agnostikos/internal/server/server.go:351.2,351.23 1 2
github.com/ElioNeto/agnostikos/internal/server/server.go:351.23,352.36 1 1
github.com/ElioNeto/agnostikos/internal/server/server.go:352.36,353.61 1 3
github.com/ElioNeto/agnostikos/internal/server/server.go:353.61,360.5 3 0
github.com/ElioNeto/agnostikos/internal/server/server.go:362.8,363.67 1 1
github.com/ElioNeto/agnostikos/internal/server/server.go:363.67,366.4 2 0
github.com/ElioNeto/agnostikos/internal/server/server.go:369.2,370.62 2 2
github.com/ElioNeto/agnostikos/internal/server/server.go:373.72,375.9 2 4
github.com/ElioNeto/agnostikos/internal/server/server.go:375.9,377.3 1 0
github.com/ElioNeto/agnostikos/internal/server/server.go:379.2,381.16 3 4
github.com/ElioNeto/agnostikos/internal/server/server.go:381.16,383.3 1 0
github.com/ElioNeto/agnostikos/internal/server/server.go:384.2,385.12 2 4
github.com/ElioNeto/agnostikos/internal/server/server.go:396.74,403.22 3 1
github.com/ElioNeto/agnostikos/internal/server/server.go:403.22,405.3 1 0
github.com/ElioNeto/agnostikos/internal/server/server.go:406.2,409.35 3 1
github.com/ElioNeto/agnostikos/internal/server/server.go:414.78,416.22 2 3
github.com/ElioNeto/agnostikos/internal/server/server.go:416.22,420.3 3 1
github.com/ElioNeto/agnostikos/internal/server/server.go:421.2,424.12 3 2
github.com/ElioNeto/agnostikos/internal/server/server.go:424.12,436.3 9 2
github.com/ElioNeto/agnostikos/internal/server/server.go:438.2,439.68 2 2
github.com/ElioNeto/agnostikos/internal/server/server.go:444.68,446.9 2 1
github.com/ElioNeto/agnostikos/internal/server/server.go:446.9,449.3 2 0
github.com/ElioNeto/agnostikos/internal/server/server.go:451.2,460.15 8 1
github.com/ElioNeto/agnostikos/internal/server/server.go:460.15,464.3 3 1
github.com/ElioNeto/agnostikos/internal/server/server.go:466.2,467.6 2 1
github.com/ElioNeto/agnostikos/internal/server/server.go:467.6,468.10 1 1
github.com/ElioNeto/agnostikos/internal/server/server.go:469.21,470.10 1 1
github.com/ElioNeto/agnostikos/internal/server/server.go:471.24,472.11 1 0
github.com/ElioNeto/agnostikos/internal/server/server.go:472.11,474.5 1 0
github.com/ElioNeto/agnostikos/internal/server/server.go:475.4,477.19 3 0
github.com/ElioNeto/agnostikos/internal/server/server.go:482.42,485.32 3 13
github.com/ElioNeto/agnostikos/internal/server/server.go:485.32,486.10 1 0
github.com/ElioNeto/agnostikos/internal/server/server.go:487.18,487.18 0 0
github.com/ElioNeto/agnostikos/internal/server/server.go:488.11,488.11 0 0
